29-01-2024 -- 16:39:09.144 [main] [34mINFO [0;39m c.j.J.JobHuntTrackerApplication - [34mStarting JobHuntTrackerApplication using Java 21.0.1 with PID 10832 (C:\Users\inesf\OneDrive\Ambiente de Trabalho\JobHuntTracker\target\classes started by inesf in C:\Users\inesf\OneDrive\Ambiente de Trabalho\JobHuntTracker)[0;39m 
29-01-2024 -- 16:39:09.147 [main] [34mINFO [0;39m c.j.J.JobHuntTrackerApplication - [34mNo active profile set, falling back to 1 default profile: "default"[0;39m 
29-01-2024 -- 16:39:10.439 [main] [34mINFO [0;39m o.s.d.r.c.RepositoryConfigurationDelegate - [34mBootstrapping Spring Data MongoDB repositories in DEFAULT mode.[0;39m 
29-01-2024 -- 16:39:10.542 [main] [34mINFO [0;39m o.s.d.r.c.RepositoryConfigurationDelegate - [34mFinished Spring Data repository scanning in 93 ms. Found 1 MongoDB repository interface.[0;39m 
29-01-2024 -- 16:39:12.331 [main] [34mINFO [0;39m o.s.b.w.e.t.TomcatWebServer - [34mTomcat initialized with port 8080 (http)[0;39m 
29-01-2024 -- 16:39:12.357 [main] [34mINFO [0;39m o.a.c.c.StandardService - [34mStarting service [Tomcat][0;39m 
29-01-2024 -- 16:39:12.357 [main] [34mINFO [0;39m o.a.c.c.StandardEngine - [34mStarting Servlet engine: [Apache Tomcat/10.1.17][0;39m 
29-01-2024 -- 16:39:12.539 [main] [34mINFO [0;39m o.a.c.c.C.[.[.[/] - [34mInitializing Spring embedded WebApplicationContext[0;39m 
29-01-2024 -- 16:39:12.541 [main] [34mINFO [0;39m o.s.b.w.s.c.ServletWebServerApplicationContext - [34mRoot WebApplicationContext: initialization completed in 3161 ms[0;39m 
29-01-2024 -- 16:39:13.191 [main] [34mINFO [0;39m o.m.d.client - [34mMongoClient with metadata {"driver": {"name": "mongo-java-driver|sync|spring-boot", "version": "4.11.1"}, "os": {"type": "Windows", "name": "Windows 10", "architecture": "amd64", "version": "10.0"}, "platform": "Java/Oracle Corporation/21.0.1+12-29"} created with settings MongoClientSettings{readPreference=primary, writeConcern=WriteConcern{w=null, wTimeout=null ms, journal=null}, retryWrites=true, retryReads=true, readConcern=ReadConcern{level=null}, credential=null, transportSettings=null, streamFactoryFactory=null, commandListeners=[], codecRegistry=ProvidersCodecRegistry{codecProviders=[ValueCodecProvider{}, BsonValueCodecProvider{}, DBRefCodecProvider{}, DBObjectCodecProvider{}, DocumentCodecProvider{}, CollectionCodecProvider{}, IterableCodecProvider{}, MapCodecProvider{}, GeoJsonCodecProvider{}, GridFSFileCodecProvider{}, Jsr310CodecProvider{}, JsonObjectCodecProvider{}, BsonCodecProvider{}, EnumCodecProvider{}, com.mongodb.client.model.mql.ExpressionCodecProvider@591a4f8e, com.mongodb.Jep395RecordCodecProvider@53ed80d3, com.mongodb.KotlinCodecProvider@6ba060f3]}, loggerSettings=LoggerSettings{maxDocumentLength=1000}, clusterSettings={hosts=[localhost:27017], srvServiceName=mongodb, mode=SINGLE, requiredClusterType=UNKNOWN, requiredReplicaSetName='null', serverSelector='null', clusterListeners='[]', serverSelectionTimeout='30000 ms', localThreshold='15 ms'}, socketSettings=SocketSettings{connectTimeoutMS=10000, readTimeoutMS=0, receiveBufferSize=0, proxySettings=ProxySettings{host=null, port=null, username=null, password=null}}, heartbeatSocketSettings=SocketSettings{connectTimeoutMS=10000, readTimeoutMS=10000, receiveBufferSize=0, proxySettings=ProxySettings{host=null, port=null, username=null, password=null}}, connectionPoolSettings=ConnectionPoolSettings{maxSize=100, minSize=0, maxWaitTimeMS=120000, maxConnectionLifeTimeMS=0, maxConnectionIdleTimeMS=0, maintenanceInitialDelayMS=0, maintenanceFrequencyMS=60000, connectionPoolListeners=[], maxConnecting=2}, serverSettings=ServerSettings{heartbeatFrequencyMS=10000, minHeartbeatFrequencyMS=500, serverListeners='[]', serverMonitorListeners='[]'}, sslSettings=SslSettings{enabled=false, invalidHostNameAllowed=false, context=null}, applicationName='null', compressorList=[], uuidRepresentation=JAVA_LEGACY, serverApi=null, autoEncryptionSettings=null, dnsClient=null, inetAddressResolver=null, contextProvider=null}[0;39m 
29-01-2024 -- 16:39:13.249 [cluster-ClusterId{value='65b7d4b0d0842e021bf00b0d', description='null'}-localhost:27017] [34mINFO [0;39m o.m.d.cluster - [34mMonitor thread successfully connected to server with description ServerDescription{address=localhost:27017, type=STANDALONE, state=CONNECTED, ok=true, minWireVersion=0, maxWireVersion=21, maxDocumentSize=16777216, logicalSessionTimeoutMinutes=30, roundTripTimeNanos=70459400}[0;39m 
29-01-2024 -- 16:39:15.080 [main] [34mINFO [0;39m o.s.b.w.e.t.TomcatWebServer - [34mTomcat started on port 8080 (http) with context path ''[0;39m 
29-01-2024 -- 16:39:15.096 [main] [34mINFO [0;39m c.j.J.JobHuntTrackerApplication - [34mStarted JobHuntTrackerApplication in 6.893 seconds (process running for 11.533)[0;39m 
29-01-2024 -- 16:39:15.103 [main] [34mINFO [0;39m c.j.J.JobHuntTrackerApplication - [34mJobHuntTrackerApplication started successfully.[0;39m 
29-01-2024 -- 16:40:00.926 [http-nio-8080-exec-2] [34mINFO [0;39m o.a.c.c.C.[.[.[/] - [34mInitializing Spring DispatcherServlet 'dispatcherServlet'[0;39m 
29-01-2024 -- 16:40:00.930 [http-nio-8080-exec-2] [34mINFO [0;39m o.s.w.s.DispatcherServlet - [34mInitializing Servlet 'dispatcherServlet'[0;39m 
29-01-2024 -- 16:40:00.937 [http-nio-8080-exec-2] [34mINFO [0;39m o.s.w.s.DispatcherServlet - [34mCompleted initialization in 5 ms[0;39m 
29-01-2024 -- 19:10:23.232 [main] [34mINFO [0;39m c.j.J.JobHuntTrackerApplication - [34mStarting JobHuntTrackerApplication using Java 21.0.1 with PID 11280 (C:\Users\inesf\OneDrive\Ambiente de Trabalho\JobHuntTracker\target\classes started by inesf in C:\Users\inesf\OneDrive\Ambiente de Trabalho\JobHuntTracker)[0;39m 
29-01-2024 -- 19:10:23.236 [main] [34mINFO [0;39m c.j.J.JobHuntTrackerApplication - [34mNo active profile set, falling back to 1 default profile: "default"[0;39m 
29-01-2024 -- 19:10:24.295 [main] [34mINFO [0;39m o.s.d.r.c.RepositoryConfigurationDelegate - [34mBootstrapping Spring Data MongoDB repositories in DEFAULT mode.[0;39m 
29-01-2024 -- 19:10:24.382 [main] [34mINFO [0;39m o.s.d.r.c.RepositoryConfigurationDelegate - [34mFinished Spring Data repository scanning in 79 ms. Found 1 MongoDB repository interface.[0;39m 
29-01-2024 -- 19:10:25.810 [main] [34mINFO [0;39m o.s.b.w.e.t.TomcatWebServer - [34mTomcat initialized with port 8080 (http)[0;39m 
29-01-2024 -- 19:10:25.831 [main] [34mINFO [0;39m o.a.c.c.StandardService - [34mStarting service [Tomcat][0;39m 
29-01-2024 -- 19:10:25.832 [main] [34mINFO [0;39m o.a.c.c.StandardEngine - [34mStarting Servlet engine: [Apache Tomcat/10.1.17][0;39m 
29-01-2024 -- 19:10:25.951 [main] [34mINFO [0;39m o.a.c.c.C.[.[.[/] - [34mInitializing Spring embedded WebApplicationContext[0;39m 
29-01-2024 -- 19:10:25.951 [main] [34mINFO [0;39m o.s.b.w.s.c.ServletWebServerApplicationContext - [34mRoot WebApplicationContext: initialization completed in 2573 ms[0;39m 
29-01-2024 -- 19:10:26.475 [main] [34mINFO [0;39m o.m.d.client - [34mMongoClient with metadata {"driver": {"name": "mongo-java-driver|sync|spring-boot", "version": "4.11.1"}, "os": {"type": "Windows", "name": "Windows 10", "architecture": "amd64", "version": "10.0"}, "platform": "Java/Oracle Corporation/21.0.1+12-29"} created with settings MongoClientSettings{readPreference=primary, writeConcern=WriteConcern{w=null, wTimeout=null ms, journal=null}, retryWrites=true, retryReads=true, readConcern=ReadConcern{level=null}, credential=null, transportSettings=null, streamFactoryFactory=null, commandListeners=[], codecRegistry=ProvidersCodecRegistry{codecProviders=[ValueCodecProvider{}, BsonValueCodecProvider{}, DBRefCodecProvider{}, DBObjectCodecProvider{}, DocumentCodecProvider{}, CollectionCodecProvider{}, IterableCodecProvider{}, MapCodecProvider{}, GeoJsonCodecProvider{}, GridFSFileCodecProvider{}, Jsr310CodecProvider{}, JsonObjectCodecProvider{}, BsonCodecProvider{}, EnumCodecProvider{}, com.mongodb.client.model.mql.ExpressionCodecProvider@4e642ee1, com.mongodb.Jep395RecordCodecProvider@29ebbdf4, com.mongodb.KotlinCodecProvider@2fd954f]}, loggerSettings=LoggerSettings{maxDocumentLength=1000}, clusterSettings={hosts=[localhost:27017], srvServiceName=mongodb, mode=SINGLE, requiredClusterType=UNKNOWN, requiredReplicaSetName='null', serverSelector='null', clusterListeners='[]', serverSelectionTimeout='30000 ms', localThreshold='15 ms'}, socketSettings=SocketSettings{connectTimeoutMS=10000, readTimeoutMS=0, receiveBufferSize=0, proxySettings=ProxySettings{host=null, port=null, username=null, password=null}}, heartbeatSocketSettings=SocketSettings{connectTimeoutMS=10000, readTimeoutMS=10000, receiveBufferSize=0, proxySettings=ProxySettings{host=null, port=null, username=null, password=null}}, connectionPoolSettings=ConnectionPoolSettings{maxSize=100, minSize=0, maxWaitTimeMS=120000, maxConnectionLifeTimeMS=0, maxConnectionIdleTimeMS=0, maintenanceInitialDelayMS=0, maintenanceFrequencyMS=60000, connectionPoolListeners=[], maxConnecting=2}, serverSettings=ServerSettings{heartbeatFrequencyMS=10000, minHeartbeatFrequencyMS=500, serverListeners='[]', serverMonitorListeners='[]'}, sslSettings=SslSettings{enabled=false, invalidHostNameAllowed=false, context=null}, applicationName='null', compressorList=[], uuidRepresentation=JAVA_LEGACY, serverApi=null, autoEncryptionSettings=null, dnsClient=null, inetAddressResolver=null, contextProvider=null}[0;39m 
29-01-2024 -- 19:10:26.522 [cluster-ClusterId{value='65b7f8225b13274d44adc87e', description='null'}-localhost:27017] [34mINFO [0;39m o.m.d.cluster - [34mMonitor thread successfully connected to server with description ServerDescription{address=localhost:27017, type=STANDALONE, state=CONNECTED, ok=true, minWireVersion=0, maxWireVersion=21, maxDocumentSize=16777216, logicalSessionTimeoutMinutes=30, roundTripTimeNanos=59150300}[0;39m 
29-01-2024 -- 19:10:27.970 [main] [34mINFO [0;39m o.s.b.w.e.t.TomcatWebServer - [34mTomcat started on port 8080 (http) with context path ''[0;39m 
29-01-2024 -- 19:10:27.986 [main] [34mINFO [0;39m c.j.J.JobHuntTrackerApplication - [34mStarted JobHuntTrackerApplication in 5.591 seconds (process running for 7.126)[0;39m 
29-01-2024 -- 19:10:27.990 [main] [34mINFO [0;39m c.j.J.JobHuntTrackerApplication - [34mJobHuntTrackerApplication started successfully.[0;39m 
29-01-2024 -- 19:10:52.414 [http-nio-8080-exec-1] [34mINFO [0;39m o.a.c.c.C.[.[.[/] - [34mInitializing Spring DispatcherServlet 'dispatcherServlet'[0;39m 
29-01-2024 -- 19:10:52.415 [http-nio-8080-exec-1] [34mINFO [0;39m o.s.w.s.DispatcherServlet - [34mInitializing Servlet 'dispatcherServlet'[0;39m 
29-01-2024 -- 19:10:52.418 [http-nio-8080-exec-1] [34mINFO [0;39m o.s.w.s.DispatcherServlet - [34mCompleted initialization in 1 ms[0;39m 
29-01-2024 -- 19:11:43.809 [main] [34mINFO [0;39m c.j.J.JobHuntTrackerApplication - [34mStarting JobHuntTrackerApplication using Java 21.0.1 with PID 4432 (C:\Users\inesf\OneDrive\Ambiente de Trabalho\JobHuntTracker\target\classes started by inesf in C:\Users\inesf\OneDrive\Ambiente de Trabalho\JobHuntTracker)[0;39m 
29-01-2024 -- 19:11:43.813 [main] [34mINFO [0;39m c.j.J.JobHuntTrackerApplication - [34mNo active profile set, falling back to 1 default profile: "default"[0;39m 
29-01-2024 -- 19:11:44.789 [main] [34mINFO [0;39m o.s.d.r.c.RepositoryConfigurationDelegate - [34mBootstrapping Spring Data MongoDB repositories in DEFAULT mode.[0;39m 
29-01-2024 -- 19:11:44.869 [main] [34mINFO [0;39m o.s.d.r.c.RepositoryConfigurationDelegate - [34mFinished Spring Data repository scanning in 73 ms. Found 1 MongoDB repository interface.[0;39m 
29-01-2024 -- 19:11:46.406 [main] [34mINFO [0;39m o.s.b.w.e.t.TomcatWebServer - [34mTomcat initialized with port 8080 (http)[0;39m 
29-01-2024 -- 19:11:46.434 [main] [34mINFO [0;39m o.a.c.c.StandardService - [34mStarting service [Tomcat][0;39m 
29-01-2024 -- 19:11:46.435 [main] [34mINFO [0;39m o.a.c.c.StandardEngine - [34mStarting Servlet engine: [Apache Tomcat/10.1.17][0;39m 
29-01-2024 -- 19:11:46.550 [main] [34mINFO [0;39m o.a.c.c.C.[.[.[/] - [34mInitializing Spring embedded WebApplicationContext[0;39m 
29-01-2024 -- 19:11:46.551 [main] [34mINFO [0;39m o.s.b.w.s.c.ServletWebServerApplicationContext - [34mRoot WebApplicationContext: initialization completed in 2615 ms[0;39m 
29-01-2024 -- 19:11:46.961 [main] [34mINFO [0;39m o.m.d.client - [34mMongoClient with metadata {"driver": {"name": "mongo-java-driver|sync|spring-boot", "version": "4.11.1"}, "os": {"type": "Windows", "name": "Windows 10", "architecture": "amd64", "version": "10.0"}, "platform": "Java/Oracle Corporation/21.0.1+12-29"} created with settings MongoClientSettings{readPreference=primary, writeConcern=WriteConcern{w=null, wTimeout=null ms, journal=null}, retryWrites=true, retryReads=true, readConcern=ReadConcern{level=null}, credential=null, transportSettings=null, streamFactoryFactory=null, commandListeners=[], codecRegistry=ProvidersCodecRegistry{codecProviders=[ValueCodecProvider{}, BsonValueCodecProvider{}, DBRefCodecProvider{}, DBObjectCodecProvider{}, DocumentCodecProvider{}, CollectionCodecProvider{}, IterableCodecProvider{}, MapCodecProvider{}, GeoJsonCodecProvider{}, GridFSFileCodecProvider{}, Jsr310CodecProvider{}, JsonObjectCodecProvider{}, BsonCodecProvider{}, EnumCodecProvider{}, com.mongodb.client.model.mql.ExpressionCodecProvider@5b7aa898, com.mongodb.Jep395RecordCodecProvider@41b13f3d, com.mongodb.KotlinCodecProvider@7c0777b5]}, loggerSettings=LoggerSettings{maxDocumentLength=1000}, clusterSettings={hosts=[localhost:27017], srvServiceName=mongodb, mode=SINGLE, requiredClusterType=UNKNOWN, requiredReplicaSetName='null', serverSelector='null', clusterListeners='[]', serverSelectionTimeout='30000 ms', localThreshold='15 ms'}, socketSettings=SocketSettings{connectTimeoutMS=10000, readTimeoutMS=0, receiveBufferSize=0, proxySettings=ProxySettings{host=null, port=null, username=null, password=null}}, heartbeatSocketSettings=SocketSettings{connectTimeoutMS=10000, readTimeoutMS=10000, receiveBufferSize=0, proxySettings=ProxySettings{host=null, port=null, username=null, password=null}}, connectionPoolSettings=ConnectionPoolSettings{maxSize=100, minSize=0, maxWaitTimeMS=120000, maxConnectionLifeTimeMS=0, maxConnectionIdleTimeMS=0, maintenanceInitialDelayMS=0, maintenanceFrequencyMS=60000, connectionPoolListeners=[], maxConnecting=2}, serverSettings=ServerSettings{heartbeatFrequencyMS=10000, minHeartbeatFrequencyMS=500, serverListeners='[]', serverMonitorListeners='[]'}, sslSettings=SslSettings{enabled=false, invalidHostNameAllowed=false, context=null}, applicationName='null', compressorList=[], uuidRepresentation=JAVA_LEGACY, serverApi=null, autoEncryptionSettings=null, dnsClient=null, inetAddressResolver=null, contextProvider=null}[0;39m 
29-01-2024 -- 19:11:46.994 [cluster-ClusterId{value='65b7f872a264443f713c9181', description='null'}-localhost:27017] [34mINFO [0;39m o.m.d.cluster - [34mMonitor thread successfully connected to server with description ServerDescription{address=localhost:27017, type=STANDALONE, state=CONNECTED, ok=true, minWireVersion=0, maxWireVersion=21, maxDocumentSize=16777216, logicalSessionTimeoutMinutes=30, roundTripTimeNanos=38626200}[0;39m 
29-01-2024 -- 19:11:48.972 [main] [34mINFO [0;39m o.s.b.w.e.t.TomcatWebServer - [34mTomcat started on port 8080 (http) with context path ''[0;39m 
29-01-2024 -- 19:11:48.989 [main] [34mINFO [0;39m c.j.J.JobHuntTrackerApplication - [34mStarted JobHuntTrackerApplication in 6.118 seconds (process running for 7.045)[0;39m 
29-01-2024 -- 19:11:48.996 [main] [34mINFO [0;39m c.j.J.JobHuntTrackerApplication - [34mJobHuntTrackerApplication started successfully.[0;39m 
29-01-2024 -- 19:11:53.656 [http-nio-8080-exec-1] [34mINFO [0;39m o.a.c.c.C.[.[.[/] - [34mInitializing Spring DispatcherServlet 'dispatcherServlet'[0;39m 
29-01-2024 -- 19:11:53.657 [http-nio-8080-exec-1] [34mINFO [0;39m o.s.w.s.DispatcherServlet - [34mInitializing Servlet 'dispatcherServlet'[0;39m 
29-01-2024 -- 19:11:53.659 [http-nio-8080-exec-1] [34mINFO [0;39m o.s.w.s.DispatcherServlet - [34mCompleted initialization in 1 ms[0;39m 
29-01-2024 -- 19:11:53.835 [http-nio-8080-exec-1] [1;31mERROR[0;39m o.a.c.c.C.[.[.[.[dispatcherServlet] - [1;31mServlet.service() for servlet [dispatcherServlet] in context with path [] threw exception [Request processing failed: java.lang.RuntimeException: ] with root cause[0;39m 
java.lang.RuntimeException: 
	at com.jobhunttracker.JobHuntTracker.service.UserService.getUserDetails(UserService.java:31)
	at com.jobhunttracker.JobHuntTracker.controllers.UserController.getUserDetails(UserController.java:27)
	at java.base/jdk.internal.reflect.DirectMethodHandleAccessor.invoke(DirectMethodHandleAccessor.java:103)
	at java.base/java.lang.reflect.Method.invoke(Method.java:580)
	at org.springframework.web.method.support.InvocableHandlerMethod.doInvoke(InvocableHandlerMethod.java:262)
	at org.springframework.web.method.support.InvocableHandlerMethod.invokeForRequest(InvocableHandlerMethod.java:190)
	at org.springframework.web.servlet.mvc.method.annotation.ServletInvocableHandlerMethod.invokeAndHandle(ServletInvocableHandlerMethod.java:118)
	at org.springframework.web.servlet.mvc.method.annotation.RequestMappingHandlerAdapter.invokeHandlerMethod(RequestMappingHandlerAdapter.java:917)
	at org.springframework.web.servlet.mvc.method.annotation.RequestMappingHandlerAdapter.handleInternal(RequestMappingHandlerAdapter.java:829)
	at org.springframework.web.servlet.mvc.method.AbstractHandlerMethodAdapter.handle(AbstractHandlerMethodAdapter.java:87)
	at org.springframework.web.servlet.DispatcherServlet.doDispatch(DispatcherServlet.java:1089)
	at org.springframework.web.servlet.DispatcherServlet.doService(DispatcherServlet.java:979)
	at org.springframework.web.servlet.FrameworkServlet.processRequest(FrameworkServlet.java:1014)
	at org.springframework.web.servlet.FrameworkServlet.doGet(FrameworkServlet.java:903)
	at jakarta.servlet.http.HttpServlet.service(HttpServlet.java:564)
	at org.springframework.web.servlet.FrameworkServlet.service(FrameworkServlet.java:885)
	at jakarta.servlet.http.HttpServlet.service(HttpServlet.java:658)
	at org.apache.catalina.core.ApplicationFilterChain.internalDoFilter(ApplicationFilterChain.java:205)
	at org.apache.catalina.core.ApplicationFilterChain.doFilter(ApplicationFilterChain.java:149)
	at org.apache.tomcat.websocket.server.WsFilter.doFilter(WsFilter.java:51)
	at org.apache.catalina.core.ApplicationFilterChain.internalDoFilter(ApplicationFilterChain.java:174)
	at org.apache.catalina.core.ApplicationFilterChain.doFilter(ApplicationFilterChain.java:149)
	at org.springframework.web.filter.RequestContextFilter.doFilterInternal(RequestContextFilter.java:100)
	at org.springframework.web.filter.OncePerRequestFilter.doFilter(OncePerRequestFilter.java:116)
	at org.apache.catalina.core.ApplicationFilterChain.internalDoFilter(ApplicationFilterChain.java:174)
	at org.apache.catalina.core.ApplicationFilterChain.doFilter(ApplicationFilterChain.java:149)
	at org.springframework.web.filter.FormContentFilter.doFilterInternal(FormContentFilter.java:93)
	at org.springframework.web.filter.OncePerRequestFilter.doFilter(OncePerRequestFilter.java:116)
	at org.apache.catalina.core.ApplicationFilterChain.internalDoFilter(ApplicationFilterChain.java:174)
	at org.apache.catalina.core.ApplicationFilterChain.doFilter(ApplicationFilterChain.java:149)
	at org.springframework.web.filter.CharacterEncodingFilter.doFilterInternal(CharacterEncodingFilter.java:201)
	at org.springframework.web.filter.OncePerRequestFilter.doFilter(OncePerRequestFilter.java:116)
	at org.apache.catalina.core.ApplicationFilterChain.internalDoFilter(ApplicationFilterChain.java:174)
	at org.apache.catalina.core.ApplicationFilterChain.doFilter(ApplicationFilterChain.java:149)
	at org.apache.catalina.core.StandardWrapperValve.invoke(StandardWrapperValve.java:167)
	at org.apache.catalina.core.StandardContextValve.invoke(StandardContextValve.java:90)
	at org.apache.catalina.authenticator.AuthenticatorBase.invoke(AuthenticatorBase.java:482)
	at org.apache.catalina.core.StandardHostValve.invoke(StandardHostValve.java:115)
	at org.apache.catalina.valves.ErrorReportValve.invoke(ErrorReportValve.java:93)
	at org.apache.catalina.core.StandardEngineValve.invoke(StandardEngineValve.java:74)
	at org.apache.catalina.connector.CoyoteAdapter.service(CoyoteAdapter.java:340)
	at org.apache.coyote.http11.Http11Processor.service(Http11Processor.java:391)
	at org.apache.coyote.AbstractProcessorLight.process(AbstractProcessorLight.java:63)
	at org.apache.coyote.AbstractProtocol$ConnectionHandler.process(AbstractProtocol.java:896)
	at org.apache.tomcat.util.net.NioEndpoint$SocketProcessor.doRun(NioEndpoint.java:1744)
	at org.apache.tomcat.util.net.SocketProcessorBase.run(SocketProcessorBase.java:52)
	at org.apache.tomcat.util.threads.ThreadPoolExecutor.runWorker(ThreadPoolExecutor.java:1191)
	at org.apache.tomcat.util.threads.ThreadPoolExecutor$Worker.run(ThreadPoolExecutor.java:659)
	at org.apache.tomcat.util.threads.TaskThread$WrappingRunnable.run(TaskThread.java:61)
	at java.base/java.lang.Thread.run(Thread.java:1583)
29-01-2024 -- 19:14:11.756 [http-nio-8080-exec-4] [1;31mERROR[0;39m o.a.c.c.C.[.[.[.[dispatcherServlet] - [1;31mServlet.service() for servlet [dispatcherServlet] in context with path [] threw exception [Request processing failed: java.lang.RuntimeException: ] with root cause[0;39m 
java.lang.RuntimeException: 
	at com.jobhunttracker.JobHuntTracker.service.UserService.getUserDetails(UserService.java:31)
	at com.jobhunttracker.JobHuntTracker.controllers.UserController.getUserDetails(UserController.java:27)
	at java.base/jdk.internal.reflect.DirectMethodHandleAccessor.invoke(DirectMethodHandleAccessor.java:103)
	at java.base/java.lang.reflect.Method.invoke(Method.java:580)
	at org.springframework.web.method.support.InvocableHandlerMethod.doInvoke(InvocableHandlerMethod.java:262)
	at org.springframework.web.method.support.InvocableHandlerMethod.invokeForRequest(InvocableHandlerMethod.java:190)
	at org.springframework.web.servlet.mvc.method.annotation.ServletInvocableHandlerMethod.invokeAndHandle(ServletInvocableHandlerMethod.java:118)
	at org.springframework.web.servlet.mvc.method.annotation.RequestMappingHandlerAdapter.invokeHandlerMethod(RequestMappingHandlerAdapter.java:917)
	at org.springframework.web.servlet.mvc.method.annotation.RequestMappingHandlerAdapter.handleInternal(RequestMappingHandlerAdapter.java:829)
	at org.springframework.web.servlet.mvc.method.AbstractHandlerMethodAdapter.handle(AbstractHandlerMethodAdapter.java:87)
	at org.springframework.web.servlet.DispatcherServlet.doDispatch(DispatcherServlet.java:1089)
	at org.springframework.web.servlet.DispatcherServlet.doService(DispatcherServlet.java:979)
	at org.springframework.web.servlet.FrameworkServlet.processRequest(FrameworkServlet.java:1014)
	at org.springframework.web.servlet.FrameworkServlet.doGet(FrameworkServlet.java:903)
	at jakarta.servlet.http.HttpServlet.service(HttpServlet.java:564)
	at org.springframework.web.servlet.FrameworkServlet.service(FrameworkServlet.java:885)
	at jakarta.servlet.http.HttpServlet.service(HttpServlet.java:658)
	at org.apache.catalina.core.ApplicationFilterChain.internalDoFilter(ApplicationFilterChain.java:205)
	at org.apache.catalina.core.ApplicationFilterChain.doFilter(ApplicationFilterChain.java:149)
	at org.apache.tomcat.websocket.server.WsFilter.doFilter(WsFilter.java:51)
	at org.apache.catalina.core.ApplicationFilterChain.internalDoFilter(ApplicationFilterChain.java:174)
	at org.apache.catalina.core.ApplicationFilterChain.doFilter(ApplicationFilterChain.java:149)
	at org.springframework.web.filter.RequestContextFilter.doFilterInternal(RequestContextFilter.java:100)
	at org.springframework.web.filter.OncePerRequestFilter.doFilter(OncePerRequestFilter.java:116)
	at org.apache.catalina.core.ApplicationFilterChain.internalDoFilter(ApplicationFilterChain.java:174)
	at org.apache.catalina.core.ApplicationFilterChain.doFilter(ApplicationFilterChain.java:149)
	at org.springframework.web.filter.FormContentFilter.doFilterInternal(FormContentFilter.java:93)
	at org.springframework.web.filter.OncePerRequestFilter.doFilter(OncePerRequestFilter.java:116)
	at org.apache.catalina.core.ApplicationFilterChain.internalDoFilter(ApplicationFilterChain.java:174)
	at org.apache.catalina.core.ApplicationFilterChain.doFilter(ApplicationFilterChain.java:149)
	at org.springframework.web.filter.CharacterEncodingFilter.doFilterInternal(CharacterEncodingFilter.java:201)
	at org.springframework.web.filter.OncePerRequestFilter.doFilter(OncePerRequestFilter.java:116)
	at org.apache.catalina.core.ApplicationFilterChain.internalDoFilter(ApplicationFilterChain.java:174)
	at org.apache.catalina.core.ApplicationFilterChain.doFilter(ApplicationFilterChain.java:149)
	at org.apache.catalina.core.StandardWrapperValve.invoke(StandardWrapperValve.java:167)
	at org.apache.catalina.core.StandardContextValve.invoke(StandardContextValve.java:90)
	at org.apache.catalina.authenticator.AuthenticatorBase.invoke(AuthenticatorBase.java:482)
	at org.apache.catalina.core.StandardHostValve.invoke(StandardHostValve.java:115)
	at org.apache.catalina.valves.ErrorReportValve.invoke(ErrorReportValve.java:93)
	at org.apache.catalina.core.StandardEngineValve.invoke(StandardEngineValve.java:74)
	at org.apache.catalina.connector.CoyoteAdapter.service(CoyoteAdapter.java:340)
	at org.apache.coyote.http11.Http11Processor.service(Http11Processor.java:391)
	at org.apache.coyote.AbstractProcessorLight.process(AbstractProcessorLight.java:63)
	at org.apache.coyote.AbstractProtocol$ConnectionHandler.process(AbstractProtocol.java:896)
	at org.apache.tomcat.util.net.NioEndpoint$SocketProcessor.doRun(NioEndpoint.java:1744)
	at org.apache.tomcat.util.net.SocketProcessorBase.run(SocketProcessorBase.java:52)
	at org.apache.tomcat.util.threads.ThreadPoolExecutor.runWorker(ThreadPoolExecutor.java:1191)
	at org.apache.tomcat.util.threads.ThreadPoolExecutor$Worker.run(ThreadPoolExecutor.java:659)
	at org.apache.tomcat.util.threads.TaskThread$WrappingRunnable.run(TaskThread.java:61)
	at java.base/java.lang.Thread.run(Thread.java:1583)
29-01-2024 -- 19:30:53.321 [main] [34mINFO [0;39m c.j.J.JobHuntTrackerApplication - [34mStarting JobHuntTrackerApplication using Java 21.0.1 with PID 19036 (C:\Users\inesf\OneDrive\Ambiente de Trabalho\JobHuntTracker\target\classes started by inesf in C:\Users\inesf\OneDrive\Ambiente de Trabalho\JobHuntTracker)[0;39m 
29-01-2024 -- 19:30:53.324 [main] [34mINFO [0;39m c.j.J.JobHuntTrackerApplication - [34mNo active profile set, falling back to 1 default profile: "default"[0;39m 
29-01-2024 -- 19:30:54.307 [main] [34mINFO [0;39m o.s.d.r.c.RepositoryConfigurationDelegate - [34mBootstrapping Spring Data MongoDB repositories in DEFAULT mode.[0;39m 
29-01-2024 -- 19:30:54.405 [main] [34mINFO [0;39m o.s.d.r.c.RepositoryConfigurationDelegate - [34mFinished Spring Data repository scanning in 88 ms. Found 1 MongoDB repository interface.[0;39m 
29-01-2024 -- 19:30:55.614 [main] [34mINFO [0;39m o.s.b.w.e.t.TomcatWebServer - [34mTomcat initialized with port 8080 (http)[0;39m 
29-01-2024 -- 19:30:55.634 [main] [34mINFO [0;39m o.a.c.c.StandardService - [34mStarting service [Tomcat][0;39m 
29-01-2024 -- 19:30:55.634 [main] [34mINFO [0;39m o.a.c.c.StandardEngine - [34mStarting Servlet engine: [Apache Tomcat/10.1.17][0;39m 
29-01-2024 -- 19:30:55.718 [main] [34mINFO [0;39m o.a.c.c.C.[.[.[/] - [34mInitializing Spring embedded WebApplicationContext[0;39m 
29-01-2024 -- 19:30:55.719 [main] [34mINFO [0;39m o.s.b.w.s.c.ServletWebServerApplicationContext - [34mRoot WebApplicationContext: initialization completed in 2283 ms[0;39m 
29-01-2024 -- 19:30:56.131 [main] [34mINFO [0;39m o.m.d.client - [34mMongoClient with metadata {"driver": {"name": "mongo-java-driver|sync|spring-boot", "version": "4.11.1"}, "os": {"type": "Windows", "name": "Windows 10", "architecture": "amd64", "version": "10.0"}, "platform": "Java/Oracle Corporation/21.0.1+12-29"} created with settings MongoClientSettings{readPreference=primary, writeConcern=WriteConcern{w=null, wTimeout=null ms, journal=null}, retryWrites=true, retryReads=true, readConcern=ReadConcern{level=null}, credential=null, transportSettings=null, streamFactoryFactory=null, commandListeners=[], codecRegistry=ProvidersCodecRegistry{codecProviders=[ValueCodecProvider{}, BsonValueCodecProvider{}, DBRefCodecProvider{}, DBObjectCodecProvider{}, DocumentCodecProvider{}, CollectionCodecProvider{}, IterableCodecProvider{}, MapCodecProvider{}, GeoJsonCodecProvider{}, GridFSFileCodecProvider{}, Jsr310CodecProvider{}, JsonObjectCodecProvider{}, BsonCodecProvider{}, EnumCodecProvider{}, com.mongodb.client.model.mql.ExpressionCodecProvider@5b7aa898, com.mongodb.Jep395RecordCodecProvider@41b13f3d, com.mongodb.KotlinCodecProvider@7c0777b5]}, loggerSettings=LoggerSettings{maxDocumentLength=1000}, clusterSettings={hosts=[localhost:27017], srvServiceName=mongodb, mode=SINGLE, requiredClusterType=UNKNOWN, requiredReplicaSetName='null', serverSelector='null', clusterListeners='[]', serverSelectionTimeout='30000 ms', localThreshold='15 ms'}, socketSettings=SocketSettings{connectTimeoutMS=10000, readTimeoutMS=0, receiveBufferSize=0, proxySettings=ProxySettings{host=null, port=null, username=null, password=null}}, heartbeatSocketSettings=SocketSettings{connectTimeoutMS=10000, readTimeoutMS=10000, receiveBufferSize=0, proxySettings=ProxySettings{host=null, port=null, username=null, password=null}}, connectionPoolSettings=ConnectionPoolSettings{maxSize=100, minSize=0, maxWaitTimeMS=120000, maxConnectionLifeTimeMS=0, maxConnectionIdleTimeMS=0, maintenanceInitialDelayMS=0, maintenanceFrequencyMS=60000, connectionPoolListeners=[], maxConnecting=2}, serverSettings=ServerSettings{heartbeatFrequencyMS=10000, minHeartbeatFrequencyMS=500, serverListeners='[]', serverMonitorListeners='[]'}, sslSettings=SslSettings{enabled=false, invalidHostNameAllowed=false, context=null}, applicationName='null', compressorList=[], uuidRepresentation=JAVA_LEGACY, serverApi=null, autoEncryptionSettings=null, dnsClient=null, inetAddressResolver=null, contextProvider=null}[0;39m 
29-01-2024 -- 19:30:56.173 [cluster-ClusterId{value='65b7fcefab973477f4182475', description='null'}-localhost:27017] [34mINFO [0;39m o.m.d.cluster - [34mMonitor thread successfully connected to server with description ServerDescription{address=localhost:27017, type=STANDALONE, state=CONNECTED, ok=true, minWireVersion=0, maxWireVersion=21, maxDocumentSize=16777216, logicalSessionTimeoutMinutes=30, roundTripTimeNanos=49651500}[0;39m 
29-01-2024 -- 19:30:57.474 [main] [34mINFO [0;39m o.s.b.w.e.t.TomcatWebServer - [34mTomcat started on port 8080 (http) with context path ''[0;39m 
29-01-2024 -- 19:30:57.489 [main] [34mINFO [0;39m c.j.J.JobHuntTrackerApplication - [34mStarted JobHuntTrackerApplication in 4.895 seconds (process running for 5.697)[0;39m 
29-01-2024 -- 19:30:57.494 [main] [34mINFO [0;39m c.j.J.JobHuntTrackerApplication - [34mJobHuntTrackerApplication started successfully.[0;39m 
29-01-2024 -- 19:31:03.542 [http-nio-8080-exec-1] [34mINFO [0;39m o.a.c.c.C.[.[.[/] - [34mInitializing Spring DispatcherServlet 'dispatcherServlet'[0;39m 
29-01-2024 -- 19:31:03.543 [http-nio-8080-exec-1] [34mINFO [0;39m o.s.w.s.DispatcherServlet - [34mInitializing Servlet 'dispatcherServlet'[0;39m 
29-01-2024 -- 19:31:03.544 [http-nio-8080-exec-1] [34mINFO [0;39m o.s.w.s.DispatcherServlet - [34mCompleted initialization in 1 ms[0;39m 
29-01-2024 -- 19:31:03.698 [http-nio-8080-exec-1] [1;31mERROR[0;39m o.a.c.c.C.[.[.[.[dispatcherServlet] - [1;31mServlet.service() for servlet [dispatcherServlet] in context with path [] threw exception [Request processing failed: java.lang.RuntimeException: Error retrieving User Informationorg.springframework.data.mapping.MappingException: No property username found on entity class com.jobhunttracker.JobHuntTracker.entity.User to bind constructor parameter to] with root cause[0;39m 
java.lang.RuntimeException: Error retrieving User Informationorg.springframework.data.mapping.MappingException: No property username found on entity class com.jobhunttracker.JobHuntTracker.entity.User to bind constructor parameter to
	at com.jobhunttracker.JobHuntTracker.service.UserService.getUserDetails(UserService.java:31)
	at com.jobhunttracker.JobHuntTracker.controllers.UserController.getUserDetails(UserController.java:27)
	at java.base/jdk.internal.reflect.DirectMethodHandleAccessor.invoke(DirectMethodHandleAccessor.java:103)
	at java.base/java.lang.reflect.Method.invoke(Method.java:580)
	at org.springframework.web.method.support.InvocableHandlerMethod.doInvoke(InvocableHandlerMethod.java:262)
	at org.springframework.web.method.support.InvocableHandlerMethod.invokeForRequest(InvocableHandlerMethod.java:190)
	at org.springframework.web.servlet.mvc.method.annotation.ServletInvocableHandlerMethod.invokeAndHandle(ServletInvocableHandlerMethod.java:118)
	at org.springframework.web.servlet.mvc.method.annotation.RequestMappingHandlerAdapter.invokeHandlerMethod(RequestMappingHandlerAdapter.java:917)
	at org.springframework.web.servlet.mvc.method.annotation.RequestMappingHandlerAdapter.handleInternal(RequestMappingHandlerAdapter.java:829)
	at org.springframework.web.servlet.mvc.method.AbstractHandlerMethodAdapter.handle(AbstractHandlerMethodAdapter.java:87)
	at org.springframework.web.servlet.DispatcherServlet.doDispatch(DispatcherServlet.java:1089)
	at org.springframework.web.servlet.DispatcherServlet.doService(DispatcherServlet.java:979)
	at org.springframework.web.servlet.FrameworkServlet.processRequest(FrameworkServlet.java:1014)
	at org.springframework.web.servlet.FrameworkServlet.doGet(FrameworkServlet.java:903)
	at jakarta.servlet.http.HttpServlet.service(HttpServlet.java:564)
	at org.springframework.web.servlet.FrameworkServlet.service(FrameworkServlet.java:885)
	at jakarta.servlet.http.HttpServlet.service(HttpServlet.java:658)
	at org.apache.catalina.core.ApplicationFilterChain.internalDoFilter(ApplicationFilterChain.java:205)
	at org.apache.catalina.core.ApplicationFilterChain.doFilter(ApplicationFilterChain.java:149)
	at org.apache.tomcat.websocket.server.WsFilter.doFilter(WsFilter.java:51)
	at org.apache.catalina.core.ApplicationFilterChain.internalDoFilter(ApplicationFilterChain.java:174)
	at org.apache.catalina.core.ApplicationFilterChain.doFilter(ApplicationFilterChain.java:149)
	at org.springframework.web.filter.RequestContextFilter.doFilterInternal(RequestContextFilter.java:100)
	at org.springframework.web.filter.OncePerRequestFilter.doFilter(OncePerRequestFilter.java:116)
	at org.apache.catalina.core.ApplicationFilterChain.internalDoFilter(ApplicationFilterChain.java:174)
	at org.apache.catalina.core.ApplicationFilterChain.doFilter(ApplicationFilterChain.java:149)
	at org.springframework.web.filter.FormContentFilter.doFilterInternal(FormContentFilter.java:93)
	at org.springframework.web.filter.OncePerRequestFilter.doFilter(OncePerRequestFilter.java:116)
	at org.apache.catalina.core.ApplicationFilterChain.internalDoFilter(ApplicationFilterChain.java:174)
	at org.apache.catalina.core.ApplicationFilterChain.doFilter(ApplicationFilterChain.java:149)
	at org.springframework.web.filter.CharacterEncodingFilter.doFilterInternal(CharacterEncodingFilter.java:201)
	at org.springframework.web.filter.OncePerRequestFilter.doFilter(OncePerRequestFilter.java:116)
	at org.apache.catalina.core.ApplicationFilterChain.internalDoFilter(ApplicationFilterChain.java:174)
	at org.apache.catalina.core.ApplicationFilterChain.doFilter(ApplicationFilterChain.java:149)
	at org.apache.catalina.core.StandardWrapperValve.invoke(StandardWrapperValve.java:167)
	at org.apache.catalina.core.StandardContextValve.invoke(StandardContextValve.java:90)
	at org.apache.catalina.authenticator.AuthenticatorBase.invoke(AuthenticatorBase.java:482)
	at org.apache.catalina.core.StandardHostValve.invoke(StandardHostValve.java:115)
	at org.apache.catalina.valves.ErrorReportValve.invoke(ErrorReportValve.java:93)
	at org.apache.catalina.core.StandardEngineValve.invoke(StandardEngineValve.java:74)
	at org.apache.catalina.connector.CoyoteAdapter.service(CoyoteAdapter.java:340)
	at org.apache.coyote.http11.Http11Processor.service(Http11Processor.java:391)
	at org.apache.coyote.AbstractProcessorLight.process(AbstractProcessorLight.java:63)
	at org.apache.coyote.AbstractProtocol$ConnectionHandler.process(AbstractProtocol.java:896)
	at org.apache.tomcat.util.net.NioEndpoint$SocketProcessor.doRun(NioEndpoint.java:1744)
	at org.apache.tomcat.util.net.SocketProcessorBase.run(SocketProcessorBase.java:52)
	at org.apache.tomcat.util.threads.ThreadPoolExecutor.runWorker(ThreadPoolExecutor.java:1191)
	at org.apache.tomcat.util.threads.ThreadPoolExecutor$Worker.run(ThreadPoolExecutor.java:659)
	at org.apache.tomcat.util.threads.TaskThread$WrappingRunnable.run(TaskThread.java:61)
	at java.base/java.lang.Thread.run(Thread.java:1583)
29-01-2024 -- 19:51:57.726 [main] [34mINFO [0;39m c.j.J.JobHuntTrackerApplication - [34mStarting JobHuntTrackerApplication using Java 21.0.1 with PID 15316 (C:\Users\inesf\OneDrive\Ambiente de Trabalho\JobHuntTracker\target\classes started by inesf in C:\Users\inesf\OneDrive\Ambiente de Trabalho\JobHuntTracker)[0;39m 
29-01-2024 -- 19:51:57.729 [main] [34mINFO [0;39m c.j.J.JobHuntTrackerApplication - [34mNo active profile set, falling back to 1 default profile: "default"[0;39m 
29-01-2024 -- 19:51:58.724 [main] [34mINFO [0;39m o.s.d.r.c.RepositoryConfigurationDelegate - [34mBootstrapping Spring Data MongoDB repositories in DEFAULT mode.[0;39m 
29-01-2024 -- 19:51:58.819 [main] [34mINFO [0;39m o.s.d.r.c.RepositoryConfigurationDelegate - [34mFinished Spring Data repository scanning in 81 ms. Found 1 MongoDB repository interface.[0;39m 
29-01-2024 -- 19:52:00.121 [main] [34mINFO [0;39m o.s.b.w.e.t.TomcatWebServer - [34mTomcat initialized with port 8080 (http)[0;39m 
29-01-2024 -- 19:52:00.148 [main] [34mINFO [0;39m o.a.c.c.StandardService - [34mStarting service [Tomcat][0;39m 
29-01-2024 -- 19:52:00.149 [main] [34mINFO [0;39m o.a.c.c.StandardEngine - [34mStarting Servlet engine: [Apache Tomcat/10.1.17][0;39m 
29-01-2024 -- 19:52:00.256 [main] [34mINFO [0;39m o.a.c.c.C.[.[.[/] - [34mInitializing Spring embedded WebApplicationContext[0;39m 
29-01-2024 -- 19:52:00.257 [main] [34mINFO [0;39m o.s.b.w.s.c.ServletWebServerApplicationContext - [34mRoot WebApplicationContext: initialization completed in 2413 ms[0;39m 
29-01-2024 -- 19:52:00.686 [main] [34mINFO [0;39m o.m.d.client - [34mMongoClient with metadata {"driver": {"name": "mongo-java-driver|sync|spring-boot", "version": "4.11.1"}, "os": {"type": "Windows", "name": "Windows 10", "architecture": "amd64", "version": "10.0"}, "platform": "Java/Oracle Corporation/21.0.1+12-29"} created with settings MongoClientSettings{readPreference=primary, writeConcern=WriteConcern{w=null, wTimeout=null ms, journal=null}, retryWrites=true, retryReads=true, readConcern=ReadConcern{level=null}, credential=null, transportSettings=null, streamFactoryFactory=null, commandListeners=[], codecRegistry=ProvidersCodecRegistry{codecProviders=[ValueCodecProvider{}, BsonValueCodecProvider{}, DBRefCodecProvider{}, DBObjectCodecProvider{}, DocumentCodecProvider{}, CollectionCodecProvider{}, IterableCodecProvider{}, MapCodecProvider{}, GeoJsonCodecProvider{}, GridFSFileCodecProvider{}, Jsr310CodecProvider{}, JsonObjectCodecProvider{}, BsonCodecProvider{}, EnumCodecProvider{}, com.mongodb.client.model.mql.ExpressionCodecProvider@71b639d0, com.mongodb.Jep395RecordCodecProvider@18a25bbd, com.mongodb.KotlinCodecProvider@5d5b9ecb]}, loggerSettings=LoggerSettings{maxDocumentLength=1000}, clusterSettings={hosts=[localhost:27017], srvServiceName=mongodb, mode=SINGLE, requiredClusterType=UNKNOWN, requiredReplicaSetName='null', serverSelector='null', clusterListeners='[]', serverSelectionTimeout='30000 ms', localThreshold='15 ms'}, socketSettings=SocketSettings{connectTimeoutMS=10000, readTimeoutMS=0, receiveBufferSize=0, proxySettings=ProxySettings{host=null, port=null, username=null, password=null}}, heartbeatSocketSettings=SocketSettings{connectTimeoutMS=10000, readTimeoutMS=10000, receiveBufferSize=0, proxySettings=ProxySettings{host=null, port=null, username=null, password=null}}, connectionPoolSettings=ConnectionPoolSettings{maxSize=100, minSize=0, maxWaitTimeMS=120000, maxConnectionLifeTimeMS=0, maxConnectionIdleTimeMS=0, maintenanceInitialDelayMS=0, maintenanceFrequencyMS=60000, connectionPoolListeners=[], maxConnecting=2}, serverSettings=ServerSettings{heartbeatFrequencyMS=10000, minHeartbeatFrequencyMS=500, serverListeners='[]', serverMonitorListeners='[]'}, sslSettings=SslSettings{enabled=false, invalidHostNameAllowed=false, context=null}, applicationName='null', compressorList=[], uuidRepresentation=JAVA_LEGACY, serverApi=null, autoEncryptionSettings=null, dnsClient=null, inetAddressResolver=null, contextProvider=null}[0;39m 
29-01-2024 -- 19:52:00.726 [cluster-ClusterId{value='65b801e0efe07b7740e92834', description='null'}-localhost:27017] [34mINFO [0;39m o.m.d.cluster - [34mMonitor thread successfully connected to server with description ServerDescription{address=localhost:27017, type=STANDALONE, state=CONNECTED, ok=true, minWireVersion=0, maxWireVersion=21, maxDocumentSize=16777216, logicalSessionTimeoutMinutes=30, roundTripTimeNanos=46003900}[0;39m 
29-01-2024 -- 19:52:02.161 [main] [34mINFO [0;39m o.s.b.w.e.t.TomcatWebServer - [34mTomcat started on port 8080 (http) with context path ''[0;39m 
29-01-2024 -- 19:52:02.178 [main] [34mINFO [0;39m c.j.J.JobHuntTrackerApplication - [34mStarted JobHuntTrackerApplication in 5.262 seconds (process running for 6.039)[0;39m 
29-01-2024 -- 19:52:02.184 [main] [34mINFO [0;39m c.j.J.JobHuntTrackerApplication - [34mJobHuntTrackerApplication started successfully.[0;39m 
29-01-2024 -- 19:52:04.109 [http-nio-8080-exec-1] [34mINFO [0;39m o.a.c.c.C.[.[.[/] - [34mInitializing Spring DispatcherServlet 'dispatcherServlet'[0;39m 
29-01-2024 -- 19:52:04.110 [http-nio-8080-exec-1] [34mINFO [0;39m o.s.w.s.DispatcherServlet - [34mInitializing Servlet 'dispatcherServlet'[0;39m 
29-01-2024 -- 19:52:04.112 [http-nio-8080-exec-1] [34mINFO [0;39m o.s.w.s.DispatcherServlet - [34mCompleted initialization in 2 ms[0;39m 
29-01-2024 -- 19:52:04.267 [http-nio-8080-exec-1] [1;31mERROR[0;39m o.a.c.c.C.[.[.[.[dispatcherServlet] - [1;31mServlet.service() for servlet [dispatcherServlet] in context with path [] threw exception [Request processing failed: java.lang.RuntimeException: Error retrieving User Informationorg.springframework.data.mapping.MappingException: No property username found on entity class com.jobhunttracker.JobHuntTracker.entity.User to bind constructor parameter to] with root cause[0;39m 
java.lang.RuntimeException: Error retrieving User Informationorg.springframework.data.mapping.MappingException: No property username found on entity class com.jobhunttracker.JobHuntTracker.entity.User to bind constructor parameter to
	at com.jobhunttracker.JobHuntTracker.service.UserService.getUserDetails(UserService.java:31)
	at com.jobhunttracker.JobHuntTracker.controllers.UserController.getUserDetails(UserController.java:27)
	at java.base/jdk.internal.reflect.DirectMethodHandleAccessor.invoke(DirectMethodHandleAccessor.java:103)
	at java.base/java.lang.reflect.Method.invoke(Method.java:580)
	at org.springframework.web.method.support.InvocableHandlerMethod.doInvoke(InvocableHandlerMethod.java:262)
	at org.springframework.web.method.support.InvocableHandlerMethod.invokeForRequest(InvocableHandlerMethod.java:190)
	at org.springframework.web.servlet.mvc.method.annotation.ServletInvocableHandlerMethod.invokeAndHandle(ServletInvocableHandlerMethod.java:118)
	at org.springframework.web.servlet.mvc.method.annotation.RequestMappingHandlerAdapter.invokeHandlerMethod(RequestMappingHandlerAdapter.java:917)
	at org.springframework.web.servlet.mvc.method.annotation.RequestMappingHandlerAdapter.handleInternal(RequestMappingHandlerAdapter.java:829)
	at org.springframework.web.servlet.mvc.method.AbstractHandlerMethodAdapter.handle(AbstractHandlerMethodAdapter.java:87)
	at org.springframework.web.servlet.DispatcherServlet.doDispatch(DispatcherServlet.java:1089)
	at org.springframework.web.servlet.DispatcherServlet.doService(DispatcherServlet.java:979)
	at org.springframework.web.servlet.FrameworkServlet.processRequest(FrameworkServlet.java:1014)
	at org.springframework.web.servlet.FrameworkServlet.doGet(FrameworkServlet.java:903)
	at jakarta.servlet.http.HttpServlet.service(HttpServlet.java:564)
	at org.springframework.web.servlet.FrameworkServlet.service(FrameworkServlet.java:885)
	at jakarta.servlet.http.HttpServlet.service(HttpServlet.java:658)
	at org.apache.catalina.core.ApplicationFilterChain.internalDoFilter(ApplicationFilterChain.java:205)
	at org.apache.catalina.core.ApplicationFilterChain.doFilter(ApplicationFilterChain.java:149)
	at org.apache.tomcat.websocket.server.WsFilter.doFilter(WsFilter.java:51)
	at org.apache.catalina.core.ApplicationFilterChain.internalDoFilter(ApplicationFilterChain.java:174)
	at org.apache.catalina.core.ApplicationFilterChain.doFilter(ApplicationFilterChain.java:149)
	at org.springframework.web.filter.RequestContextFilter.doFilterInternal(RequestContextFilter.java:100)
	at org.springframework.web.filter.OncePerRequestFilter.doFilter(OncePerRequestFilter.java:116)
	at org.apache.catalina.core.ApplicationFilterChain.internalDoFilter(ApplicationFilterChain.java:174)
	at org.apache.catalina.core.ApplicationFilterChain.doFilter(ApplicationFilterChain.java:149)
	at org.springframework.web.filter.FormContentFilter.doFilterInternal(FormContentFilter.java:93)
	at org.springframework.web.filter.OncePerRequestFilter.doFilter(OncePerRequestFilter.java:116)
	at org.apache.catalina.core.ApplicationFilterChain.internalDoFilter(ApplicationFilterChain.java:174)
	at org.apache.catalina.core.ApplicationFilterChain.doFilter(ApplicationFilterChain.java:149)
	at org.springframework.web.filter.CharacterEncodingFilter.doFilterInternal(CharacterEncodingFilter.java:201)
	at org.springframework.web.filter.OncePerRequestFilter.doFilter(OncePerRequestFilter.java:116)
	at org.apache.catalina.core.ApplicationFilterChain.internalDoFilter(ApplicationFilterChain.java:174)
	at org.apache.catalina.core.ApplicationFilterChain.doFilter(ApplicationFilterChain.java:149)
	at org.apache.catalina.core.StandardWrapperValve.invoke(StandardWrapperValve.java:167)
	at org.apache.catalina.core.StandardContextValve.invoke(StandardContextValve.java:90)
	at org.apache.catalina.authenticator.AuthenticatorBase.invoke(AuthenticatorBase.java:482)
	at org.apache.catalina.core.StandardHostValve.invoke(StandardHostValve.java:115)
	at org.apache.catalina.valves.ErrorReportValve.invoke(ErrorReportValve.java:93)
	at org.apache.catalina.core.StandardEngineValve.invoke(StandardEngineValve.java:74)
	at org.apache.catalina.connector.CoyoteAdapter.service(CoyoteAdapter.java:340)
	at org.apache.coyote.http11.Http11Processor.service(Http11Processor.java:391)
	at org.apache.coyote.AbstractProcessorLight.process(AbstractProcessorLight.java:63)
	at org.apache.coyote.AbstractProtocol$ConnectionHandler.process(AbstractProtocol.java:896)
	at org.apache.tomcat.util.net.NioEndpoint$SocketProcessor.doRun(NioEndpoint.java:1744)
	at org.apache.tomcat.util.net.SocketProcessorBase.run(SocketProcessorBase.java:52)
	at org.apache.tomcat.util.threads.ThreadPoolExecutor.runWorker(ThreadPoolExecutor.java:1191)
	at org.apache.tomcat.util.threads.ThreadPoolExecutor$Worker.run(ThreadPoolExecutor.java:659)
	at org.apache.tomcat.util.threads.TaskThread$WrappingRunnable.run(TaskThread.java:61)
	at java.base/java.lang.Thread.run(Thread.java:1583)
29-01-2024 -- 19:56:29.527 [main] [34mINFO [0;39m c.j.J.JobHuntTrackerApplication - [34mStarting JobHuntTrackerApplication using Java 21.0.1 with PID 20196 (C:\Users\inesf\OneDrive\Ambiente de Trabalho\JobHuntTracker\target\classes started by inesf in C:\Users\inesf\OneDrive\Ambiente de Trabalho\JobHuntTracker)[0;39m 
29-01-2024 -- 19:56:29.530 [main] [34mINFO [0;39m c.j.J.JobHuntTrackerApplication - [34mNo active profile set, falling back to 1 default profile: "default"[0;39m 
29-01-2024 -- 19:56:30.438 [main] [34mINFO [0;39m o.s.d.r.c.RepositoryConfigurationDelegate - [34mBootstrapping Spring Data MongoDB repositories in DEFAULT mode.[0;39m 
29-01-2024 -- 19:56:30.540 [main] [34mINFO [0;39m o.s.d.r.c.RepositoryConfigurationDelegate - [34mFinished Spring Data repository scanning in 89 ms. Found 1 MongoDB repository interface.[0;39m 
29-01-2024 -- 19:56:31.718 [main] [34mINFO [0;39m o.s.b.w.e.t.TomcatWebServer - [34mTomcat initialized with port 8080 (http)[0;39m 
29-01-2024 -- 19:56:31.756 [main] [34mINFO [0;39m o.a.c.c.StandardService - [34mStarting service [Tomcat][0;39m 
29-01-2024 -- 19:56:31.757 [main] [34mINFO [0;39m o.a.c.c.StandardEngine - [34mStarting Servlet engine: [Apache Tomcat/10.1.17][0;39m 
29-01-2024 -- 19:56:31.881 [main] [34mINFO [0;39m o.a.c.c.C.[.[.[/] - [34mInitializing Spring embedded WebApplicationContext[0;39m 
29-01-2024 -- 19:56:31.882 [main] [34mINFO [0;39m o.s.b.w.s.c.ServletWebServerApplicationContext - [34mRoot WebApplicationContext: initialization completed in 2241 ms[0;39m 
29-01-2024 -- 19:56:32.321 [main] [34mINFO [0;39m o.m.d.client - [34mMongoClient with metadata {"driver": {"name": "mongo-java-driver|sync|spring-boot", "version": "4.11.1"}, "os": {"type": "Windows", "name": "Windows 10", "architecture": "amd64", "version": "10.0"}, "platform": "Java/Oracle Corporation/21.0.1+12-29"} created with settings MongoClientSettings{readPreference=primary, writeConcern=WriteConcern{w=null, wTimeout=null ms, journal=null}, retryWrites=true, retryReads=true, readConcern=ReadConcern{level=null}, credential=null, transportSettings=null, streamFactoryFactory=null, commandListeners=[], codecRegistry=ProvidersCodecRegistry{codecProviders=[ValueCodecProvider{}, BsonValueCodecProvider{}, DBRefCodecProvider{}, DBObjectCodecProvider{}, DocumentCodecProvider{}, CollectionCodecProvider{}, IterableCodecProvider{}, MapCodecProvider{}, GeoJsonCodecProvider{}, GridFSFileCodecProvider{}, Jsr310CodecProvider{}, JsonObjectCodecProvider{}, BsonCodecProvider{}, EnumCodecProvider{}, com.mongodb.client.model.mql.ExpressionCodecProvider@5d5b9ecb, com.mongodb.Jep395RecordCodecProvider@1ee27d73, com.mongodb.KotlinCodecProvider@5e5aafc6]}, loggerSettings=LoggerSettings{maxDocumentLength=1000}, clusterSettings={hosts=[localhost:27017], srvServiceName=mongodb, mode=SINGLE, requiredClusterType=UNKNOWN, requiredReplicaSetName='null', serverSelector='null', clusterListeners='[]', serverSelectionTimeout='30000 ms', localThreshold='15 ms'}, socketSettings=SocketSettings{connectTimeoutMS=10000, readTimeoutMS=0, receiveBufferSize=0, proxySettings=ProxySettings{host=null, port=null, username=null, password=null}}, heartbeatSocketSettings=SocketSettings{connectTimeoutMS=10000, readTimeoutMS=10000, receiveBufferSize=0, proxySettings=ProxySettings{host=null, port=null, username=null, password=null}}, connectionPoolSettings=ConnectionPoolSettings{maxSize=100, minSize=0, maxWaitTimeMS=120000, maxConnectionLifeTimeMS=0, maxConnectionIdleTimeMS=0, maintenanceInitialDelayMS=0, maintenanceFrequencyMS=60000, connectionPoolListeners=[], maxConnecting=2}, serverSettings=ServerSettings{heartbeatFrequencyMS=10000, minHeartbeatFrequencyMS=500, serverListeners='[]', serverMonitorListeners='[]'}, sslSettings=SslSettings{enabled=false, invalidHostNameAllowed=false, context=null}, applicationName='null', compressorList=[], uuidRepresentation=JAVA_LEGACY, serverApi=null, autoEncryptionSettings=null, dnsClient=null, inetAddressResolver=null, contextProvider=null}[0;39m 
29-01-2024 -- 19:56:32.382 [cluster-ClusterId{value='65b802f014e80b37dcb251dc', description='null'}-localhost:27017] [34mINFO [0;39m o.m.d.cluster - [34mMonitor thread successfully connected to server with description ServerDescription{address=localhost:27017, type=STANDALONE, state=CONNECTED, ok=true, minWireVersion=0, maxWireVersion=21, maxDocumentSize=16777216, logicalSessionTimeoutMinutes=30, roundTripTimeNanos=62005800}[0;39m 
29-01-2024 -- 19:56:33.940 [main] [34mINFO [0;39m o.s.b.w.e.t.TomcatWebServer - [34mTomcat started on port 8080 (http) with context path ''[0;39m 
29-01-2024 -- 19:56:33.954 [main] [34mINFO [0;39m c.j.J.JobHuntTrackerApplication - [34mStarted JobHuntTrackerApplication in 5.273 seconds (process running for 6.032)[0;39m 
29-01-2024 -- 19:56:33.959 [main] [34mINFO [0;39m c.j.J.JobHuntTrackerApplication - [34mJobHuntTrackerApplication started successfully.[0;39m 
29-01-2024 -- 19:57:03.557 [http-nio-8080-exec-1] [34mINFO [0;39m o.a.c.c.C.[.[.[/] - [34mInitializing Spring DispatcherServlet 'dispatcherServlet'[0;39m 
29-01-2024 -- 19:57:03.558 [http-nio-8080-exec-1] [34mINFO [0;39m o.s.w.s.DispatcherServlet - [34mInitializing Servlet 'dispatcherServlet'[0;39m 
29-01-2024 -- 19:57:03.562 [http-nio-8080-exec-1] [34mINFO [0;39m o.s.w.s.DispatcherServlet - [34mCompleted initialization in 3 ms[0;39m 
29-01-2024 -- 19:57:03.745 [http-nio-8080-exec-1] [1;31mERROR[0;39m o.a.c.c.C.[.[.[.[dispatcherServlet] - [1;31mServlet.service() for servlet [dispatcherServlet] in context with path [] threw exception [Request processing failed: java.lang.RuntimeException: Error retrieving User Informationorg.springframework.data.mapping.MappingException: No property username found on entity class com.jobhunttracker.JobHuntTracker.entity.User to bind constructor parameter to] with root cause[0;39m 
java.lang.RuntimeException: Error retrieving User Informationorg.springframework.data.mapping.MappingException: No property username found on entity class com.jobhunttracker.JobHuntTracker.entity.User to bind constructor parameter to
	at com.jobhunttracker.JobHuntTracker.service.UserService.getUserDetails(UserService.java:31)
	at com.jobhunttracker.JobHuntTracker.controllers.UserController.getUserDetails(UserController.java:27)
	at java.base/jdk.internal.reflect.DirectMethodHandleAccessor.invoke(DirectMethodHandleAccessor.java:103)
	at java.base/java.lang.reflect.Method.invoke(Method.java:580)
	at org.springframework.web.method.support.InvocableHandlerMethod.doInvoke(InvocableHandlerMethod.java:262)
	at org.springframework.web.method.support.InvocableHandlerMethod.invokeForRequest(InvocableHandlerMethod.java:190)
	at org.springframework.web.servlet.mvc.method.annotation.ServletInvocableHandlerMethod.invokeAndHandle(ServletInvocableHandlerMethod.java:118)
	at org.springframework.web.servlet.mvc.method.annotation.RequestMappingHandlerAdapter.invokeHandlerMethod(RequestMappingHandlerAdapter.java:917)
	at org.springframework.web.servlet.mvc.method.annotation.RequestMappingHandlerAdapter.handleInternal(RequestMappingHandlerAdapter.java:829)
	at org.springframework.web.servlet.mvc.method.AbstractHandlerMethodAdapter.handle(AbstractHandlerMethodAdapter.java:87)
	at org.springframework.web.servlet.DispatcherServlet.doDispatch(DispatcherServlet.java:1089)
	at org.springframework.web.servlet.DispatcherServlet.doService(DispatcherServlet.java:979)
	at org.springframework.web.servlet.FrameworkServlet.processRequest(FrameworkServlet.java:1014)
	at org.springframework.web.servlet.FrameworkServlet.doGet(FrameworkServlet.java:903)
	at jakarta.servlet.http.HttpServlet.service(HttpServlet.java:564)
	at org.springframework.web.servlet.FrameworkServlet.service(FrameworkServlet.java:885)
	at jakarta.servlet.http.HttpServlet.service(HttpServlet.java:658)
	at org.apache.catalina.core.ApplicationFilterChain.internalDoFilter(ApplicationFilterChain.java:205)
	at org.apache.catalina.core.ApplicationFilterChain.doFilter(ApplicationFilterChain.java:149)
	at org.apache.tomcat.websocket.server.WsFilter.doFilter(WsFilter.java:51)
	at org.apache.catalina.core.ApplicationFilterChain.internalDoFilter(ApplicationFilterChain.java:174)
	at org.apache.catalina.core.ApplicationFilterChain.doFilter(ApplicationFilterChain.java:149)
	at org.springframework.web.filter.RequestContextFilter.doFilterInternal(RequestContextFilter.java:100)
	at org.springframework.web.filter.OncePerRequestFilter.doFilter(OncePerRequestFilter.java:116)
	at org.apache.catalina.core.ApplicationFilterChain.internalDoFilter(ApplicationFilterChain.java:174)
	at org.apache.catalina.core.ApplicationFilterChain.doFilter(ApplicationFilterChain.java:149)
	at org.springframework.web.filter.FormContentFilter.doFilterInternal(FormContentFilter.java:93)
	at org.springframework.web.filter.OncePerRequestFilter.doFilter(OncePerRequestFilter.java:116)
	at org.apache.catalina.core.ApplicationFilterChain.internalDoFilter(ApplicationFilterChain.java:174)
	at org.apache.catalina.core.ApplicationFilterChain.doFilter(ApplicationFilterChain.java:149)
	at org.springframework.web.filter.CharacterEncodingFilter.doFilterInternal(CharacterEncodingFilter.java:201)
	at org.springframework.web.filter.OncePerRequestFilter.doFilter(OncePerRequestFilter.java:116)
	at org.apache.catalina.core.ApplicationFilterChain.internalDoFilter(ApplicationFilterChain.java:174)
	at org.apache.catalina.core.ApplicationFilterChain.doFilter(ApplicationFilterChain.java:149)
	at org.apache.catalina.core.StandardWrapperValve.invoke(StandardWrapperValve.java:167)
	at org.apache.catalina.core.StandardContextValve.invoke(StandardContextValve.java:90)
	at org.apache.catalina.authenticator.AuthenticatorBase.invoke(AuthenticatorBase.java:482)
	at org.apache.catalina.core.StandardHostValve.invoke(StandardHostValve.java:115)
	at org.apache.catalina.valves.ErrorReportValve.invoke(ErrorReportValve.java:93)
	at org.apache.catalina.core.StandardEngineValve.invoke(StandardEngineValve.java:74)
	at org.apache.catalina.connector.CoyoteAdapter.service(CoyoteAdapter.java:340)
	at org.apache.coyote.http11.Http11Processor.service(Http11Processor.java:391)
	at org.apache.coyote.AbstractProcessorLight.process(AbstractProcessorLight.java:63)
	at org.apache.coyote.AbstractProtocol$ConnectionHandler.process(AbstractProtocol.java:896)
	at org.apache.tomcat.util.net.NioEndpoint$SocketProcessor.doRun(NioEndpoint.java:1744)
	at org.apache.tomcat.util.net.SocketProcessorBase.run(SocketProcessorBase.java:52)
	at org.apache.tomcat.util.threads.ThreadPoolExecutor.runWorker(ThreadPoolExecutor.java:1191)
	at org.apache.tomcat.util.threads.ThreadPoolExecutor$Worker.run(ThreadPoolExecutor.java:659)
	at org.apache.tomcat.util.threads.TaskThread$WrappingRunnable.run(TaskThread.java:61)
	at java.base/java.lang.Thread.run(Thread.java:1583)
29-01-2024 -- 20:07:17.920 [main] [34mINFO [0;39m c.j.J.JobHuntTrackerApplication - [34mStarting JobHuntTrackerApplication using Java 21.0.1 with PID 17812 (C:\Users\inesf\OneDrive\Ambiente de Trabalho\JobHuntTracker\target\classes started by inesf in C:\Users\inesf\OneDrive\Ambiente de Trabalho\JobHuntTracker)[0;39m 
29-01-2024 -- 20:07:17.923 [main] [34mINFO [0;39m c.j.J.JobHuntTrackerApplication - [34mNo active profile set, falling back to 1 default profile: "default"[0;39m 
29-01-2024 -- 20:07:18.824 [main] [34mINFO [0;39m o.s.d.r.c.RepositoryConfigurationDelegate - [34mBootstrapping Spring Data MongoDB repositories in DEFAULT mode.[0;39m 
29-01-2024 -- 20:07:18.922 [main] [34mINFO [0;39m o.s.d.r.c.RepositoryConfigurationDelegate - [34mFinished Spring Data repository scanning in 90 ms. Found 1 MongoDB repository interface.[0;39m 
29-01-2024 -- 20:07:20.158 [main] [34mINFO [0;39m o.s.b.w.e.t.TomcatWebServer - [34mTomcat initialized with port 8080 (http)[0;39m 
29-01-2024 -- 20:07:20.179 [main] [34mINFO [0;39m o.a.c.c.StandardService - [34mStarting service [Tomcat][0;39m 
29-01-2024 -- 20:07:20.179 [main] [34mINFO [0;39m o.a.c.c.StandardEngine - [34mStarting Servlet engine: [Apache Tomcat/10.1.17][0;39m 
29-01-2024 -- 20:07:20.289 [main] [34mINFO [0;39m o.a.c.c.C.[.[.[/] - [34mInitializing Spring embedded WebApplicationContext[0;39m 
29-01-2024 -- 20:07:20.289 [main] [34mINFO [0;39m o.s.b.w.s.c.ServletWebServerApplicationContext - [34mRoot WebApplicationContext: initialization completed in 2255 ms[0;39m 
29-01-2024 -- 20:07:20.659 [main] [34mINFO [0;39m o.m.d.client - [34mMongoClient with metadata {"driver": {"name": "mongo-java-driver|sync|spring-boot", "version": "4.11.1"}, "os": {"type": "Windows", "name": "Windows 10", "architecture": "amd64", "version": "10.0"}, "platform": "Java/Oracle Corporation/21.0.1+12-29"} created with settings MongoClientSettings{readPreference=primary, writeConcern=WriteConcern{w=null, wTimeout=null ms, journal=null}, retryWrites=true, retryReads=true, readConcern=ReadConcern{level=null}, credential=null, transportSettings=null, streamFactoryFactory=null, commandListeners=[], codecRegistry=ProvidersCodecRegistry{codecProviders=[ValueCodecProvider{}, BsonValueCodecProvider{}, DBRefCodecProvider{}, DBObjectCodecProvider{}, DocumentCodecProvider{}, CollectionCodecProvider{}, IterableCodecProvider{}, MapCodecProvider{}, GeoJsonCodecProvider{}, GridFSFileCodecProvider{}, Jsr310CodecProvider{}, JsonObjectCodecProvider{}, BsonCodecProvider{}, EnumCodecProvider{}, com.mongodb.client.model.mql.ExpressionCodecProvider@4e83a98, com.mongodb.Jep395RecordCodecProvider@17aa8a11, com.mongodb.KotlinCodecProvider@71b639d0]}, loggerSettings=LoggerSettings{maxDocumentLength=1000}, clusterSettings={hosts=[localhost:27017], srvServiceName=mongodb, mode=SINGLE, requiredClusterType=UNKNOWN, requiredReplicaSetName='null', serverSelector='null', clusterListeners='[]', serverSelectionTimeout='30000 ms', localThreshold='15 ms'}, socketSettings=SocketSettings{connectTimeoutMS=10000, readTimeoutMS=0, receiveBufferSize=0, proxySettings=ProxySettings{host=null, port=null, username=null, password=null}}, heartbeatSocketSettings=SocketSettings{connectTimeoutMS=10000, readTimeoutMS=10000, receiveBufferSize=0, proxySettings=ProxySettings{host=null, port=null, username=null, password=null}}, connectionPoolSettings=ConnectionPoolSettings{maxSize=100, minSize=0, maxWaitTimeMS=120000, maxConnectionLifeTimeMS=0, maxConnectionIdleTimeMS=0, maintenanceInitialDelayMS=0, maintenanceFrequencyMS=60000, connectionPoolListeners=[], maxConnecting=2}, serverSettings=ServerSettings{heartbeatFrequencyMS=10000, minHeartbeatFrequencyMS=500, serverListeners='[]', serverMonitorListeners='[]'}, sslSettings=SslSettings{enabled=false, invalidHostNameAllowed=false, context=null}, applicationName='null', compressorList=[], uuidRepresentation=JAVA_LEGACY, serverApi=null, autoEncryptionSettings=null, dnsClient=null, inetAddressResolver=null, contextProvider=null}[0;39m 
29-01-2024 -- 20:07:20.688 [cluster-ClusterId{value='65b80578fd668e076a6f30f0', description='null'}-localhost:27017] [34mINFO [0;39m o.m.d.cluster - [34mMonitor thread successfully connected to server with description ServerDescription{address=localhost:27017, type=STANDALONE, state=CONNECTED, ok=true, minWireVersion=0, maxWireVersion=21, maxDocumentSize=16777216, logicalSessionTimeoutMinutes=30, roundTripTimeNanos=34548000}[0;39m 
29-01-2024 -- 20:07:22.057 [main] [34mINFO [0;39m o.s.b.w.e.t.TomcatWebServer - [34mTomcat started on port 8080 (http) with context path ''[0;39m 
29-01-2024 -- 20:07:22.072 [main] [34mINFO [0;39m c.j.J.JobHuntTrackerApplication - [34mStarted JobHuntTrackerApplication in 4.88 seconds (process running for 5.704)[0;39m 
29-01-2024 -- 20:07:22.080 [main] [34mINFO [0;39m c.j.J.JobHuntTrackerApplication - [34mJobHuntTrackerApplication started successfully.[0;39m 
29-01-2024 -- 20:07:29.364 [http-nio-8080-exec-1] [34mINFO [0;39m o.a.c.c.C.[.[.[/] - [34mInitializing Spring DispatcherServlet 'dispatcherServlet'[0;39m 
29-01-2024 -- 20:07:29.365 [http-nio-8080-exec-1] [34mINFO [0;39m o.s.w.s.DispatcherServlet - [34mInitializing Servlet 'dispatcherServlet'[0;39m 
29-01-2024 -- 20:07:29.366 [http-nio-8080-exec-1] [34mINFO [0;39m o.s.w.s.DispatcherServlet - [34mCompleted initialization in 1 ms[0;39m 
29-01-2024 -- 20:07:29.432 [http-nio-8080-exec-1] [34mINFO [0;39m c.j.J.s.UserService - [34mSearching for user with ID: 65b29ee7db2b3a28b42f0fb4[0;39m 
29-01-2024 -- 20:07:29.536 [http-nio-8080-exec-1] [1;31mERROR[0;39m o.a.c.c.C.[.[.[.[dispatcherServlet] - [1;31mServlet.service() for servlet [dispatcherServlet] in context with path [] threw exception [Request processing failed: java.lang.RuntimeException: Error retrieving User Information org.springframework.data.mapping.MappingException: No property username found on entity class com.jobhunttracker.JobHuntTracker.entity.User to bind constructor parameter to] with root cause[0;39m 
java.lang.RuntimeException: Error retrieving User Information org.springframework.data.mapping.MappingException: No property username found on entity class com.jobhunttracker.JobHuntTracker.entity.User to bind constructor parameter to
	at com.jobhunttracker.JobHuntTracker.service.UserService.getUserDetails(UserService.java:35)
	at com.jobhunttracker.JobHuntTracker.controllers.UserController.getUserDetails(UserController.java:27)
	at java.base/jdk.internal.reflect.DirectMethodHandleAccessor.invoke(DirectMethodHandleAccessor.java:103)
	at java.base/java.lang.reflect.Method.invoke(Method.java:580)
	at org.springframework.web.method.support.InvocableHandlerMethod.doInvoke(InvocableHandlerMethod.java:262)
	at org.springframework.web.method.support.InvocableHandlerMethod.invokeForRequest(InvocableHandlerMethod.java:190)
	at org.springframework.web.servlet.mvc.method.annotation.ServletInvocableHandlerMethod.invokeAndHandle(ServletInvocableHandlerMethod.java:118)
	at org.springframework.web.servlet.mvc.method.annotation.RequestMappingHandlerAdapter.invokeHandlerMethod(RequestMappingHandlerAdapter.java:917)
	at org.springframework.web.servlet.mvc.method.annotation.RequestMappingHandlerAdapter.handleInternal(RequestMappingHandlerAdapter.java:829)
	at org.springframework.web.servlet.mvc.method.AbstractHandlerMethodAdapter.handle(AbstractHandlerMethodAdapter.java:87)
	at org.springframework.web.servlet.DispatcherServlet.doDispatch(DispatcherServlet.java:1089)
	at org.springframework.web.servlet.DispatcherServlet.doService(DispatcherServlet.java:979)
	at org.springframework.web.servlet.FrameworkServlet.processRequest(FrameworkServlet.java:1014)
	at org.springframework.web.servlet.FrameworkServlet.doGet(FrameworkServlet.java:903)
	at jakarta.servlet.http.HttpServlet.service(HttpServlet.java:564)
	at org.springframework.web.servlet.FrameworkServlet.service(FrameworkServlet.java:885)
	at jakarta.servlet.http.HttpServlet.service(HttpServlet.java:658)
	at org.apache.catalina.core.ApplicationFilterChain.internalDoFilter(ApplicationFilterChain.java:205)
	at org.apache.catalina.core.ApplicationFilterChain.doFilter(ApplicationFilterChain.java:149)
	at org.apache.tomcat.websocket.server.WsFilter.doFilter(WsFilter.java:51)
	at org.apache.catalina.core.ApplicationFilterChain.internalDoFilter(ApplicationFilterChain.java:174)
	at org.apache.catalina.core.ApplicationFilterChain.doFilter(ApplicationFilterChain.java:149)
	at org.springframework.web.filter.RequestContextFilter.doFilterInternal(RequestContextFilter.java:100)
	at org.springframework.web.filter.OncePerRequestFilter.doFilter(OncePerRequestFilter.java:116)
	at org.apache.catalina.core.ApplicationFilterChain.internalDoFilter(ApplicationFilterChain.java:174)
	at org.apache.catalina.core.ApplicationFilterChain.doFilter(ApplicationFilterChain.java:149)
	at org.springframework.web.filter.FormContentFilter.doFilterInternal(FormContentFilter.java:93)
	at org.springframework.web.filter.OncePerRequestFilter.doFilter(OncePerRequestFilter.java:116)
	at org.apache.catalina.core.ApplicationFilterChain.internalDoFilter(ApplicationFilterChain.java:174)
	at org.apache.catalina.core.ApplicationFilterChain.doFilter(ApplicationFilterChain.java:149)
	at org.springframework.web.filter.CharacterEncodingFilter.doFilterInternal(CharacterEncodingFilter.java:201)
	at org.springframework.web.filter.OncePerRequestFilter.doFilter(OncePerRequestFilter.java:116)
	at org.apache.catalina.core.ApplicationFilterChain.internalDoFilter(ApplicationFilterChain.java:174)
	at org.apache.catalina.core.ApplicationFilterChain.doFilter(ApplicationFilterChain.java:149)
	at org.apache.catalina.core.StandardWrapperValve.invoke(StandardWrapperValve.java:167)
	at org.apache.catalina.core.StandardContextValve.invoke(StandardContextValve.java:90)
	at org.apache.catalina.authenticator.AuthenticatorBase.invoke(AuthenticatorBase.java:482)
	at org.apache.catalina.core.StandardHostValve.invoke(StandardHostValve.java:115)
	at org.apache.catalina.valves.ErrorReportValve.invoke(ErrorReportValve.java:93)
	at org.apache.catalina.core.StandardEngineValve.invoke(StandardEngineValve.java:74)
	at org.apache.catalina.connector.CoyoteAdapter.service(CoyoteAdapter.java:340)
	at org.apache.coyote.http11.Http11Processor.service(Http11Processor.java:391)
	at org.apache.coyote.AbstractProcessorLight.process(AbstractProcessorLight.java:63)
	at org.apache.coyote.AbstractProtocol$ConnectionHandler.process(AbstractProtocol.java:896)
	at org.apache.tomcat.util.net.NioEndpoint$SocketProcessor.doRun(NioEndpoint.java:1744)
	at org.apache.tomcat.util.net.SocketProcessorBase.run(SocketProcessorBase.java:52)
	at org.apache.tomcat.util.threads.ThreadPoolExecutor.runWorker(ThreadPoolExecutor.java:1191)
	at org.apache.tomcat.util.threads.ThreadPoolExecutor$Worker.run(ThreadPoolExecutor.java:659)
	at org.apache.tomcat.util.threads.TaskThread$WrappingRunnable.run(TaskThread.java:61)
	at java.base/java.lang.Thread.run(Thread.java:1583)
29-01-2024 -- 20:12:34.019 [main] [34mINFO [0;39m c.j.J.JobHuntTrackerApplication - [34mStarting JobHuntTrackerApplication using Java 21.0.1 with PID 16612 (C:\Users\inesf\OneDrive\Ambiente de Trabalho\JobHuntTracker\target\classes started by inesf in C:\Users\inesf\OneDrive\Ambiente de Trabalho\JobHuntTracker)[0;39m 
29-01-2024 -- 20:12:34.023 [main] [34mINFO [0;39m c.j.J.JobHuntTrackerApplication - [34mNo active profile set, falling back to 1 default profile: "default"[0;39m 
29-01-2024 -- 20:12:34.962 [main] [34mINFO [0;39m o.s.d.r.c.RepositoryConfigurationDelegate - [34mBootstrapping Spring Data MongoDB repositories in DEFAULT mode.[0;39m 
29-01-2024 -- 20:12:35.053 [main] [34mINFO [0;39m o.s.d.r.c.RepositoryConfigurationDelegate - [34mFinished Spring Data repository scanning in 82 ms. Found 1 MongoDB repository interface.[0;39m 
29-01-2024 -- 20:12:36.380 [main] [34mINFO [0;39m o.s.b.w.e.t.TomcatWebServer - [34mTomcat initialized with port 8080 (http)[0;39m 
29-01-2024 -- 20:12:36.404 [main] [34mINFO [0;39m o.a.c.c.StandardService - [34mStarting service [Tomcat][0;39m 
29-01-2024 -- 20:12:36.404 [main] [34mINFO [0;39m o.a.c.c.StandardEngine - [34mStarting Servlet engine: [Apache Tomcat/10.1.17][0;39m 
29-01-2024 -- 20:12:36.507 [main] [34mINFO [0;39m o.a.c.c.C.[.[.[/] - [34mInitializing Spring embedded WebApplicationContext[0;39m 
29-01-2024 -- 20:12:36.508 [main] [34mINFO [0;39m o.s.b.w.s.c.ServletWebServerApplicationContext - [34mRoot WebApplicationContext: initialization completed in 2364 ms[0;39m 
29-01-2024 -- 20:12:36.902 [main] [34mINFO [0;39m o.m.d.client - [34mMongoClient with metadata {"driver": {"name": "mongo-java-driver|sync|spring-boot", "version": "4.11.1"}, "os": {"type": "Windows", "name": "Windows 10", "architecture": "amd64", "version": "10.0"}, "platform": "Java/Oracle Corporation/21.0.1+12-29"} created with settings MongoClientSettings{readPreference=primary, writeConcern=WriteConcern{w=null, wTimeout=null ms, journal=null}, retryWrites=true, retryReads=true, readConcern=ReadConcern{level=null}, credential=null, transportSettings=null, streamFactoryFactory=null, commandListeners=[], codecRegistry=ProvidersCodecRegistry{codecProviders=[ValueCodecProvider{}, BsonValueCodecProvider{}, DBRefCodecProvider{}, DBObjectCodecProvider{}, DocumentCodecProvider{}, CollectionCodecProvider{}, IterableCodecProvider{}, MapCodecProvider{}, GeoJsonCodecProvider{}, GridFSFileCodecProvider{}, Jsr310CodecProvider{}, JsonObjectCodecProvider{}, BsonCodecProvider{}, EnumCodecProvider{}, com.mongodb.client.model.mql.ExpressionCodecProvider@71b639d0, com.mongodb.Jep395RecordCodecProvider@18a25bbd, com.mongodb.KotlinCodecProvider@5d5b9ecb]}, loggerSettings=LoggerSettings{maxDocumentLength=1000}, clusterSettings={hosts=[localhost:27017], srvServiceName=mongodb, mode=SINGLE, requiredClusterType=UNKNOWN, requiredReplicaSetName='null', serverSelector='null', clusterListeners='[]', serverSelectionTimeout='30000 ms', localThreshold='15 ms'}, socketSettings=SocketSettings{connectTimeoutMS=10000, readTimeoutMS=0, receiveBufferSize=0, proxySettings=ProxySettings{host=null, port=null, username=null, password=null}}, heartbeatSocketSettings=SocketSettings{connectTimeoutMS=10000, readTimeoutMS=10000, receiveBufferSize=0, proxySettings=ProxySettings{host=null, port=null, username=null, password=null}}, connectionPoolSettings=ConnectionPoolSettings{maxSize=100, minSize=0, maxWaitTimeMS=120000, maxConnectionLifeTimeMS=0, maxConnectionIdleTimeMS=0, maintenanceInitialDelayMS=0, maintenanceFrequencyMS=60000, connectionPoolListeners=[], maxConnecting=2}, serverSettings=ServerSettings{heartbeatFrequencyMS=10000, minHeartbeatFrequencyMS=500, serverListeners='[]', serverMonitorListeners='[]'}, sslSettings=SslSettings{enabled=false, invalidHostNameAllowed=false, context=null}, applicationName='null', compressorList=[], uuidRepresentation=JAVA_LEGACY, serverApi=null, autoEncryptionSettings=null, dnsClient=null, inetAddressResolver=null, contextProvider=null}[0;39m 
29-01-2024 -- 20:12:36.941 [cluster-ClusterId{value='65b806b41dc4e55f48e3c14b', description='null'}-localhost:27017] [34mINFO [0;39m o.m.d.cluster - [34mMonitor thread successfully connected to server with description ServerDescription{address=localhost:27017, type=STANDALONE, state=CONNECTED, ok=true, minWireVersion=0, maxWireVersion=21, maxDocumentSize=16777216, logicalSessionTimeoutMinutes=30, roundTripTimeNanos=40244500}[0;39m 
29-01-2024 -- 20:12:38.309 [main] [34mINFO [0;39m o.s.b.w.e.t.TomcatWebServer - [34mTomcat started on port 8080 (http) with context path ''[0;39m 
29-01-2024 -- 20:12:38.325 [main] [34mINFO [0;39m c.j.J.JobHuntTrackerApplication - [34mStarted JobHuntTrackerApplication in 5.034 seconds (process running for 5.806)[0;39m 
29-01-2024 -- 20:12:38.330 [main] [34mINFO [0;39m c.j.J.JobHuntTrackerApplication - [34mJobHuntTrackerApplication started successfully.[0;39m 
29-01-2024 -- 20:12:50.368 [http-nio-8080-exec-1] [34mINFO [0;39m o.a.c.c.C.[.[.[/] - [34mInitializing Spring DispatcherServlet 'dispatcherServlet'[0;39m 
29-01-2024 -- 20:12:50.368 [http-nio-8080-exec-1] [34mINFO [0;39m o.s.w.s.DispatcherServlet - [34mInitializing Servlet 'dispatcherServlet'[0;39m 
29-01-2024 -- 20:12:50.370 [http-nio-8080-exec-1] [34mINFO [0;39m o.s.w.s.DispatcherServlet - [34mCompleted initialization in 1 ms[0;39m 
29-01-2024 -- 20:12:50.586 [http-nio-8080-exec-1] [1;31mERROR[0;39m o.a.c.c.C.[.[.[.[dispatcherServlet] - [1;31mServlet.service() for servlet [dispatcherServlet] in context with path [] threw exception [Request processing failed: org.springframework.data.mapping.MappingException: No property username found on entity class com.jobhunttracker.JobHuntTracker.entity.User to bind constructor parameter to] with root cause[0;39m 
org.springframework.data.mapping.MappingException: No property username found on entity class com.jobhunttracker.JobHuntTracker.entity.User to bind constructor parameter to
	at org.springframework.data.mapping.model.PersistentEntityParameterValueProvider.getParameterValue(PersistentEntityParameterValueProvider.java:68)
	at org.springframework.data.mapping.model.SpELExpressionParameterValueProvider.getParameterValue(SpELExpressionParameterValueProvider.java:49)
	at org.springframework.data.mapping.model.ClassGeneratingEntityInstantiator.extractInvocationArguments(ClassGeneratingEntityInstantiator.java:301)
	at org.springframework.data.mapping.model.ClassGeneratingEntityInstantiator$EntityInstantiatorAdapter.createInstance(ClassGeneratingEntityInstantiator.java:273)
	at org.springframework.data.mapping.model.ClassGeneratingEntityInstantiator.createInstance(ClassGeneratingEntityInstantiator.java:98)
	at org.springframework.data.mongodb.core.convert.MappingMongoConverter.read(MappingMongoConverter.java:519)
	at org.springframework.data.mongodb.core.convert.MappingMongoConverter.readDocument(MappingMongoConverter.java:487)
	at org.springframework.data.mongodb.core.convert.MappingMongoConverter.read(MappingMongoConverter.java:423)
	at org.springframework.data.mongodb.core.convert.MappingMongoConverter.read(MappingMongoConverter.java:419)
	at org.springframework.data.mongodb.core.convert.MappingMongoConverter.read(MappingMongoConverter.java:119)
	at org.springframework.data.mongodb.core.MongoTemplate$ReadDocumentCallback.doWith(MongoTemplate.java:3278)
	at org.springframework.data.mongodb.core.MongoTemplate.executeFindOneInternal(MongoTemplate.java:2874)
	at org.springframework.data.mongodb.core.MongoTemplate.doFindOne(MongoTemplate.java:2536)
	at org.springframework.data.mongodb.core.MongoTemplate.findOne(MongoTemplate.java:817)
	at org.springframework.data.mongodb.repository.support.SimpleMongoRepository.findById(SimpleMongoRepository.java:127)
	at java.base/jdk.internal.reflect.DirectMethodHandleAccessor.invoke(DirectMethodHandleAccessor.java:103)
	at java.base/java.lang.reflect.Method.invoke(Method.java:580)
	at org.springframework.aop.support.AopUtils.invokeJoinpointUsingReflection(AopUtils.java:352)
	at org.springframework.data.repository.core.support.RepositoryMethodInvoker$RepositoryFragmentMethodInvoker.lambda$new$0(RepositoryMethodInvoker.java:277)
	at org.springframework.data.repository.core.support.RepositoryMethodInvoker.doInvoke(RepositoryMethodInvoker.java:170)
	at org.springframework.data.repository.core.support.RepositoryMethodInvoker.invoke(RepositoryMethodInvoker.java:158)
	at org.springframework.data.repository.core.support.RepositoryComposition$RepositoryFragments.invoke(RepositoryComposition.java:516)
	at org.springframework.data.repository.core.support.RepositoryComposition.invoke(RepositoryComposition.java:285)
	at org.springframework.data.repository.core.support.RepositoryFactorySupport$ImplementationMethodExecutionInterceptor.invoke(RepositoryFactorySupport.java:628)
	at org.springframework.aop.framework.ReflectiveMethodInvocation.proceed(ReflectiveMethodInvocation.java:184)
	at org.springframework.data.repository.core.support.QueryExecutorMethodInterceptor.doInvoke(QueryExecutorMethodInterceptor.java:168)
	at org.springframework.data.repository.core.support.QueryExecutorMethodInterceptor.invoke(QueryExecutorMethodInterceptor.java:143)
	at org.springframework.aop.framework.ReflectiveMethodInvocation.proceed(ReflectiveMethodInvocation.java:184)
	at org.springframework.data.projection.DefaultMethodInvokingMethodInterceptor.invoke(DefaultMethodInvokingMethodInterceptor.java:70)
	at org.springframework.aop.framework.ReflectiveMethodInvocation.proceed(ReflectiveMethodInvocation.java:184)
	at org.springframework.data.mongodb.repository.support.CrudMethodMetadataPostProcessor$CrudMethodMetadataPopulatingMethodInterceptor.invoke(CrudMethodMetadataPostProcessor.java:158)
	at org.springframework.aop.framework.ReflectiveMethodInvocation.proceed(ReflectiveMethodInvocation.java:184)
	at org.springframework.aop.interceptor.ExposeInvocationInterceptor.invoke(ExposeInvocationInterceptor.java:97)
	at org.springframework.aop.framework.ReflectiveMethodInvocation.proceed(ReflectiveMethodInvocation.java:184)
	at org.springframework.aop.framework.JdkDynamicAopProxy.invoke(JdkDynamicAopProxy.java:249)
	at jdk.proxy2/jdk.proxy2.$Proxy69.findById(Unknown Source)
	at java.base/jdk.internal.reflect.DirectMethodHandleAccessor.invoke(DirectMethodHandleAccessor.java:103)
	at java.base/java.lang.reflect.Method.invoke(Method.java:580)
	at org.springframework.aop.support.AopUtils.invokeJoinpointUsingReflection(AopUtils.java:352)
	at org.springframework.aop.framework.ReflectiveMethodInvocation.invokeJoinpoint(ReflectiveMethodInvocation.java:196)
	at org.springframework.aop.framework.ReflectiveMethodInvocation.proceed(ReflectiveMethodInvocation.java:163)
	at org.springframework.dao.support.PersistenceExceptionTranslationInterceptor.invoke(PersistenceExceptionTranslationInterceptor.java:137)
	at org.springframework.aop.framework.ReflectiveMethodInvocation.proceed(ReflectiveMethodInvocation.java:184)
	at org.springframework.aop.framework.JdkDynamicAopProxy.invoke(JdkDynamicAopProxy.java:249)
	at jdk.proxy2/jdk.proxy2.$Proxy69.findById(Unknown Source)
	at com.jobhunttracker.JobHuntTracker.service.UserService.getUserDetails(UserService.java:28)
	at com.jobhunttracker.JobHuntTracker.controllers.UserController.getUserDetails(UserController.java:27)
	at java.base/jdk.internal.reflect.DirectMethodHandleAccessor.invoke(DirectMethodHandleAccessor.java:103)
	at java.base/java.lang.reflect.Method.invoke(Method.java:580)
	at org.springframework.web.method.support.InvocableHandlerMethod.doInvoke(InvocableHandlerMethod.java:262)
	at org.springframework.web.method.support.InvocableHandlerMethod.invokeForRequest(InvocableHandlerMethod.java:190)
	at org.springframework.web.servlet.mvc.method.annotation.ServletInvocableHandlerMethod.invokeAndHandle(ServletInvocableHandlerMethod.java:118)
	at org.springframework.web.servlet.mvc.method.annotation.RequestMappingHandlerAdapter.invokeHandlerMethod(RequestMappingHandlerAdapter.java:917)
	at org.springframework.web.servlet.mvc.method.annotation.RequestMappingHandlerAdapter.handleInternal(RequestMappingHandlerAdapter.java:829)
	at org.springframework.web.servlet.mvc.method.AbstractHandlerMethodAdapter.handle(AbstractHandlerMethodAdapter.java:87)
	at org.springframework.web.servlet.DispatcherServlet.doDispatch(DispatcherServlet.java:1089)
	at org.springframework.web.servlet.DispatcherServlet.doService(DispatcherServlet.java:979)
	at org.springframework.web.servlet.FrameworkServlet.processRequest(FrameworkServlet.java:1014)
	at org.springframework.web.servlet.FrameworkServlet.doGet(FrameworkServlet.java:903)
	at jakarta.servlet.http.HttpServlet.service(HttpServlet.java:564)
	at org.springframework.web.servlet.FrameworkServlet.service(FrameworkServlet.java:885)
	at jakarta.servlet.http.HttpServlet.service(HttpServlet.java:658)
	at org.apache.catalina.core.ApplicationFilterChain.internalDoFilter(ApplicationFilterChain.java:205)
	at org.apache.catalina.core.ApplicationFilterChain.doFilter(ApplicationFilterChain.java:149)
	at org.apache.tomcat.websocket.server.WsFilter.doFilter(WsFilter.java:51)
	at org.apache.catalina.core.ApplicationFilterChain.internalDoFilter(ApplicationFilterChain.java:174)
	at org.apache.catalina.core.ApplicationFilterChain.doFilter(ApplicationFilterChain.java:149)
	at org.springframework.web.filter.RequestContextFilter.doFilterInternal(RequestContextFilter.java:100)
	at org.springframework.web.filter.OncePerRequestFilter.doFilter(OncePerRequestFilter.java:116)
	at org.apache.catalina.core.ApplicationFilterChain.internalDoFilter(ApplicationFilterChain.java:174)
	at org.apache.catalina.core.ApplicationFilterChain.doFilter(ApplicationFilterChain.java:149)
	at org.springframework.web.filter.FormContentFilter.doFilterInternal(FormContentFilter.java:93)
	at org.springframework.web.filter.OncePerRequestFilter.doFilter(OncePerRequestFilter.java:116)
	at org.apache.catalina.core.ApplicationFilterChain.internalDoFilter(ApplicationFilterChain.java:174)
	at org.apache.catalina.core.ApplicationFilterChain.doFilter(ApplicationFilterChain.java:149)
	at org.springframework.web.filter.CharacterEncodingFilter.doFilterInternal(CharacterEncodingFilter.java:201)
	at org.springframework.web.filter.OncePerRequestFilter.doFilter(OncePerRequestFilter.java:116)
	at org.apache.catalina.core.ApplicationFilterChain.internalDoFilter(ApplicationFilterChain.java:174)
	at org.apache.catalina.core.ApplicationFilterChain.doFilter(ApplicationFilterChain.java:149)
	at org.apache.catalina.core.StandardWrapperValve.invoke(StandardWrapperValve.java:167)
	at org.apache.catalina.core.StandardContextValve.invoke(StandardContextValve.java:90)
	at org.apache.catalina.authenticator.AuthenticatorBase.invoke(AuthenticatorBase.java:482)
	at org.apache.catalina.core.StandardHostValve.invoke(StandardHostValve.java:115)
	at org.apache.catalina.valves.ErrorReportValve.invoke(ErrorReportValve.java:93)
	at org.apache.catalina.core.StandardEngineValve.invoke(StandardEngineValve.java:74)
	at org.apache.catalina.connector.CoyoteAdapter.service(CoyoteAdapter.java:340)
	at org.apache.coyote.http11.Http11Processor.service(Http11Processor.java:391)
	at org.apache.coyote.AbstractProcessorLight.process(AbstractProcessorLight.java:63)
	at org.apache.coyote.AbstractProtocol$ConnectionHandler.process(AbstractProtocol.java:896)
	at org.apache.tomcat.util.net.NioEndpoint$SocketProcessor.doRun(NioEndpoint.java:1744)
	at org.apache.tomcat.util.net.SocketProcessorBase.run(SocketProcessorBase.java:52)
	at org.apache.tomcat.util.threads.ThreadPoolExecutor.runWorker(ThreadPoolExecutor.java:1191)
	at org.apache.tomcat.util.threads.ThreadPoolExecutor$Worker.run(ThreadPoolExecutor.java:659)
	at org.apache.tomcat.util.threads.TaskThread$WrappingRunnable.run(TaskThread.java:61)
	at java.base/java.lang.Thread.run(Thread.java:1583)
